ARM GAS  C:\Users\strag\AppData\Local\Temp\ccsiLagG.s 			page 1


   1              		.syntax unified
   2              		.cpu cortex-m4
   3              		.eabi_attribute 27, 1
   4              		.eabi_attribute 28, 1
   5              		.fpu fpv4-sp-d16
   6              		.eabi_attribute 20, 1
   7              		.eabi_attribute 21, 1
   8              		.eabi_attribute 23, 3
   9              		.eabi_attribute 24, 1
  10              		.eabi_attribute 25, 1
  11              		.eabi_attribute 26, 1
  12              		.eabi_attribute 30, 1
  13              		.eabi_attribute 34, 1
  14              		.eabi_attribute 18, 4
  15              		.thumb
  16              		.syntax unified
  17              		.file	"stm32f37x_dbgmcu.c"
  18              		.text
  19              	.Ltext0:
  20              		.cfi_sections	.debug_frame
  21              		.section	.text.DBGMCU_GetREVID,"ax",%progbits
  22              		.align	2
  23              		.global	DBGMCU_GetREVID
  24              		.thumb
  25              		.thumb_func
  27              	DBGMCU_GetREVID:
  28              	.LFB111:
  29              		.file 1 "../stdperiph/source/stm32f37x_dbgmcu.c"
   1:../stdperiph/source/stm32f37x_dbgmcu.c **** /**
   2:../stdperiph/source/stm32f37x_dbgmcu.c ****   ******************************************************************************
   3:../stdperiph/source/stm32f37x_dbgmcu.c ****   * @file    stm32f37x_dbgmcu.c
   4:../stdperiph/source/stm32f37x_dbgmcu.c ****   * @author  MCD Application Team
   5:../stdperiph/source/stm32f37x_dbgmcu.c ****   * @version V1.0.0
   6:../stdperiph/source/stm32f37x_dbgmcu.c ****   * @date    20-September-2012
   7:../stdperiph/source/stm32f37x_dbgmcu.c ****   * @brief   This file provides firmware functions to manage the following 
   8:../stdperiph/source/stm32f37x_dbgmcu.c ****   *          functionalities of the Debug MCU (DBGMCU) peripheral:
   9:../stdperiph/source/stm32f37x_dbgmcu.c ****   *           + Device and Revision ID management
  10:../stdperiph/source/stm32f37x_dbgmcu.c ****   *           + Peripherals Configuration
  11:../stdperiph/source/stm32f37x_dbgmcu.c ****   *  @verbatim
  12:../stdperiph/source/stm32f37x_dbgmcu.c ****   *  @endverbatim
  13:../stdperiph/source/stm32f37x_dbgmcu.c ****   *
  14:../stdperiph/source/stm32f37x_dbgmcu.c ****   ******************************************************************************
  15:../stdperiph/source/stm32f37x_dbgmcu.c ****   * @attention
  16:../stdperiph/source/stm32f37x_dbgmcu.c ****   *
  17:../stdperiph/source/stm32f37x_dbgmcu.c ****   * <h2><center>&copy; COPYRIGHT 2012 STMicroelectronics</center></h2>
  18:../stdperiph/source/stm32f37x_dbgmcu.c ****   *
  19:../stdperiph/source/stm32f37x_dbgmcu.c ****   * Licensed under MCD-ST Liberty SW License Agreement V2, (the "License");
  20:../stdperiph/source/stm32f37x_dbgmcu.c ****   * You may not use this file except in compliance with the License.
  21:../stdperiph/source/stm32f37x_dbgmcu.c ****   * You may obtain a copy of the License at:
  22:../stdperiph/source/stm32f37x_dbgmcu.c ****   *
  23:../stdperiph/source/stm32f37x_dbgmcu.c ****   *        http://www.st.com/software_license_agreement_liberty_v2
  24:../stdperiph/source/stm32f37x_dbgmcu.c ****   *
  25:../stdperiph/source/stm32f37x_dbgmcu.c ****   * Unless required by applicable law or agreed to in writing, software 
  26:../stdperiph/source/stm32f37x_dbgmcu.c ****   * distributed under the License is distributed on an "AS IS" BASIS, 
  27:../stdperiph/source/stm32f37x_dbgmcu.c ****   * WITHOUT WARRANTIES OR CONDITIONS OF ANY KIND, either express or implied.
  28:../stdperiph/source/stm32f37x_dbgmcu.c ****   * See the License for the specific language governing permissions and
  29:../stdperiph/source/stm32f37x_dbgmcu.c ****   * limitations under the License.
ARM GAS  C:\Users\strag\AppData\Local\Temp\ccsiLagG.s 			page 2


  30:../stdperiph/source/stm32f37x_dbgmcu.c ****   *
  31:../stdperiph/source/stm32f37x_dbgmcu.c ****   ******************************************************************************
  32:../stdperiph/source/stm32f37x_dbgmcu.c ****   */
  33:../stdperiph/source/stm32f37x_dbgmcu.c **** 
  34:../stdperiph/source/stm32f37x_dbgmcu.c **** /* Includes ------------------------------------------------------------------*/
  35:../stdperiph/source/stm32f37x_dbgmcu.c **** #include "stm32f37x_dbgmcu.h"
  36:../stdperiph/source/stm32f37x_dbgmcu.c **** 
  37:../stdperiph/source/stm32f37x_dbgmcu.c **** /** @addtogroup STM32F37x_StdPeriph_Driver
  38:../stdperiph/source/stm32f37x_dbgmcu.c ****   * @{
  39:../stdperiph/source/stm32f37x_dbgmcu.c ****   */
  40:../stdperiph/source/stm32f37x_dbgmcu.c **** 
  41:../stdperiph/source/stm32f37x_dbgmcu.c **** /** @defgroup DBGMCU 
  42:../stdperiph/source/stm32f37x_dbgmcu.c ****   * @brief DBGMCU driver modules
  43:../stdperiph/source/stm32f37x_dbgmcu.c ****   * @{
  44:../stdperiph/source/stm32f37x_dbgmcu.c ****   */ 
  45:../stdperiph/source/stm32f37x_dbgmcu.c **** 
  46:../stdperiph/source/stm32f37x_dbgmcu.c **** /* Private typedef -----------------------------------------------------------*/
  47:../stdperiph/source/stm32f37x_dbgmcu.c **** /* Private define ------------------------------------------------------------*/
  48:../stdperiph/source/stm32f37x_dbgmcu.c **** #define IDCODE_DEVID_MASK    ((uint32_t)0x00000FFF)
  49:../stdperiph/source/stm32f37x_dbgmcu.c **** 
  50:../stdperiph/source/stm32f37x_dbgmcu.c **** /* Private macro -------------------------------------------------------------*/
  51:../stdperiph/source/stm32f37x_dbgmcu.c **** /* Private variables ---------------------------------------------------------*/
  52:../stdperiph/source/stm32f37x_dbgmcu.c **** /* Private function prototypes -----------------------------------------------*/
  53:../stdperiph/source/stm32f37x_dbgmcu.c **** /* Private functions ---------------------------------------------------------*/
  54:../stdperiph/source/stm32f37x_dbgmcu.c **** 
  55:../stdperiph/source/stm32f37x_dbgmcu.c **** /** @defgroup DBGMCU_Private_Functions
  56:../stdperiph/source/stm32f37x_dbgmcu.c ****   * @{
  57:../stdperiph/source/stm32f37x_dbgmcu.c ****   */ 
  58:../stdperiph/source/stm32f37x_dbgmcu.c **** 
  59:../stdperiph/source/stm32f37x_dbgmcu.c **** /** @defgroup DBGMCU_Group1 Device and Revision ID management functions
  60:../stdperiph/source/stm32f37x_dbgmcu.c ****  *  @brief   Device and Revision ID management functions
  61:../stdperiph/source/stm32f37x_dbgmcu.c ****  *
  62:../stdperiph/source/stm32f37x_dbgmcu.c **** @verbatim
  63:../stdperiph/source/stm32f37x_dbgmcu.c ****   ==============================================================================
  64:../stdperiph/source/stm32f37x_dbgmcu.c ****             ##### Device and Revision ID management functions #####
  65:../stdperiph/source/stm32f37x_dbgmcu.c ****   ==============================================================================
  66:../stdperiph/source/stm32f37x_dbgmcu.c **** 
  67:../stdperiph/source/stm32f37x_dbgmcu.c **** @endverbatim
  68:../stdperiph/source/stm32f37x_dbgmcu.c ****   * @{
  69:../stdperiph/source/stm32f37x_dbgmcu.c ****   */
  70:../stdperiph/source/stm32f37x_dbgmcu.c **** 
  71:../stdperiph/source/stm32f37x_dbgmcu.c **** /**
  72:../stdperiph/source/stm32f37x_dbgmcu.c ****   * @brief  Returns the device revision identifier.
  73:../stdperiph/source/stm32f37x_dbgmcu.c ****   * @param  None
  74:../stdperiph/source/stm32f37x_dbgmcu.c ****   * @retval Device revision identifier
  75:../stdperiph/source/stm32f37x_dbgmcu.c ****   */
  76:../stdperiph/source/stm32f37x_dbgmcu.c **** uint32_t DBGMCU_GetREVID(void)
  77:../stdperiph/source/stm32f37x_dbgmcu.c **** {
  30              		.loc 1 77 0
  31              		.cfi_startproc
  32              		@ args = 0, pretend = 0, frame = 0
  33              		@ frame_needed = 0, uses_anonymous_args = 0
  34              		@ link register save eliminated.
  78:../stdperiph/source/stm32f37x_dbgmcu.c ****    return(DBGMCU->IDCODE >> 16);
  35              		.loc 1 78 0
  36 0000 014B     		ldr	r3, .L2
  37 0002 1868     		ldr	r0, [r3]
ARM GAS  C:\Users\strag\AppData\Local\Temp\ccsiLagG.s 			page 3


  79:../stdperiph/source/stm32f37x_dbgmcu.c **** }
  38              		.loc 1 79 0
  39 0004 000C     		lsrs	r0, r0, #16
  40 0006 7047     		bx	lr
  41              	.L3:
  42              		.align	2
  43              	.L2:
  44 0008 002004E0 		.word	-536600576
  45              		.cfi_endproc
  46              	.LFE111:
  48              		.section	.text.DBGMCU_GetDEVID,"ax",%progbits
  49              		.align	2
  50              		.global	DBGMCU_GetDEVID
  51              		.thumb
  52              		.thumb_func
  54              	DBGMCU_GetDEVID:
  55              	.LFB112:
  80:../stdperiph/source/stm32f37x_dbgmcu.c **** 
  81:../stdperiph/source/stm32f37x_dbgmcu.c **** /**
  82:../stdperiph/source/stm32f37x_dbgmcu.c ****   * @brief  Returns the device identifier.
  83:../stdperiph/source/stm32f37x_dbgmcu.c ****   * @param  None
  84:../stdperiph/source/stm32f37x_dbgmcu.c ****   * @retval Device identifier
  85:../stdperiph/source/stm32f37x_dbgmcu.c ****   */
  86:../stdperiph/source/stm32f37x_dbgmcu.c **** uint32_t DBGMCU_GetDEVID(void)
  87:../stdperiph/source/stm32f37x_dbgmcu.c **** {
  56              		.loc 1 87 0
  57              		.cfi_startproc
  58              		@ args = 0, pretend = 0, frame = 0
  59              		@ frame_needed = 0, uses_anonymous_args = 0
  60              		@ link register save eliminated.
  88:../stdperiph/source/stm32f37x_dbgmcu.c ****    return(DBGMCU->IDCODE & IDCODE_DEVID_MASK);
  61              		.loc 1 88 0
  62 0000 024B     		ldr	r3, .L5
  63 0002 1868     		ldr	r0, [r3]
  89:../stdperiph/source/stm32f37x_dbgmcu.c **** }
  64              		.loc 1 89 0
  65 0004 C0F30B00 		ubfx	r0, r0, #0, #12
  66 0008 7047     		bx	lr
  67              	.L6:
  68 000a 00BF     		.align	2
  69              	.L5:
  70 000c 002004E0 		.word	-536600576
  71              		.cfi_endproc
  72              	.LFE112:
  74              		.section	.text.DBGMCU_Config,"ax",%progbits
  75              		.align	2
  76              		.global	DBGMCU_Config
  77              		.thumb
  78              		.thumb_func
  80              	DBGMCU_Config:
  81              	.LFB113:
  90:../stdperiph/source/stm32f37x_dbgmcu.c **** 
  91:../stdperiph/source/stm32f37x_dbgmcu.c **** /**
  92:../stdperiph/source/stm32f37x_dbgmcu.c ****   * @}
  93:../stdperiph/source/stm32f37x_dbgmcu.c ****   */
  94:../stdperiph/source/stm32f37x_dbgmcu.c ****   
  95:../stdperiph/source/stm32f37x_dbgmcu.c **** /** @defgroup DBGMCU_Group2 Peripherals Configuration functions
ARM GAS  C:\Users\strag\AppData\Local\Temp\ccsiLagG.s 			page 4


  96:../stdperiph/source/stm32f37x_dbgmcu.c ****  *  @brief   Peripherals Configuration
  97:../stdperiph/source/stm32f37x_dbgmcu.c ****  *
  98:../stdperiph/source/stm32f37x_dbgmcu.c **** @verbatim
  99:../stdperiph/source/stm32f37x_dbgmcu.c ****   ==============================================================================
 100:../stdperiph/source/stm32f37x_dbgmcu.c ****                ##### Peripherals Configuration functions #####
 101:../stdperiph/source/stm32f37x_dbgmcu.c ****   ==============================================================================
 102:../stdperiph/source/stm32f37x_dbgmcu.c **** 
 103:../stdperiph/source/stm32f37x_dbgmcu.c **** @endverbatim
 104:../stdperiph/source/stm32f37x_dbgmcu.c ****   * @{
 105:../stdperiph/source/stm32f37x_dbgmcu.c ****   */
 106:../stdperiph/source/stm32f37x_dbgmcu.c **** 
 107:../stdperiph/source/stm32f37x_dbgmcu.c **** /**
 108:../stdperiph/source/stm32f37x_dbgmcu.c ****   * @brief  Configures low power mode behavior when the MCU is in Debug mode.
 109:../stdperiph/source/stm32f37x_dbgmcu.c ****   * @param  DBGMCU_Periph: specifies the low power mode.
 110:../stdperiph/source/stm32f37x_dbgmcu.c ****   *          This parameter can be any combination of the following values:
 111:../stdperiph/source/stm32f37x_dbgmcu.c ****   *             @arg DBGMCU_SLEEP: Keep debugger connection during SLEEP mode.
 112:../stdperiph/source/stm32f37x_dbgmcu.c ****   *             @arg DBGMCU_STOP: Keep debugger connection during STOP mode.
 113:../stdperiph/source/stm32f37x_dbgmcu.c ****   *             @arg DBGMCU_STANDBY: Keep debugger connection during STANDBY mode.
 114:../stdperiph/source/stm32f37x_dbgmcu.c ****   * @param  NewState: new state of the specified low power mode in Debug mode.
 115:../stdperiph/source/stm32f37x_dbgmcu.c ****   *          This parameter can be: ENABLE or DISABLE.
 116:../stdperiph/source/stm32f37x_dbgmcu.c ****   * @retval None
 117:../stdperiph/source/stm32f37x_dbgmcu.c ****   */
 118:../stdperiph/source/stm32f37x_dbgmcu.c **** void DBGMCU_Config(uint32_t DBGMCU_Periph, FunctionalState NewState)
 119:../stdperiph/source/stm32f37x_dbgmcu.c **** {
  82              		.loc 1 119 0
  83              		.cfi_startproc
  84              		@ args = 0, pretend = 0, frame = 0
  85              		@ frame_needed = 0, uses_anonymous_args = 0
  86              		@ link register save eliminated.
  87              	.LVL0:
 120:../stdperiph/source/stm32f37x_dbgmcu.c ****   /* Check the parameters */
 121:../stdperiph/source/stm32f37x_dbgmcu.c ****   assert_param(IS_DBGMCU_PERIPH(DBGMCU_Periph));
 122:../stdperiph/source/stm32f37x_dbgmcu.c ****   assert_param(IS_FUNCTIONAL_STATE(NewState));
 123:../stdperiph/source/stm32f37x_dbgmcu.c ****   if (NewState != DISABLE)
  88              		.loc 1 123 0
  89 0000 21B1     		cbz	r1, .L8
 124:../stdperiph/source/stm32f37x_dbgmcu.c ****   {
 125:../stdperiph/source/stm32f37x_dbgmcu.c ****     DBGMCU->CR |= DBGMCU_Periph;
  90              		.loc 1 125 0
  91 0002 054B     		ldr	r3, .L10
  92 0004 5A68     		ldr	r2, [r3, #4]
  93 0006 1043     		orrs	r0, r0, r2
  94              	.LVL1:
  95 0008 5860     		str	r0, [r3, #4]
  96 000a 7047     		bx	lr
  97              	.LVL2:
  98              	.L8:
 126:../stdperiph/source/stm32f37x_dbgmcu.c ****   }
 127:../stdperiph/source/stm32f37x_dbgmcu.c ****   else
 128:../stdperiph/source/stm32f37x_dbgmcu.c ****   {
 129:../stdperiph/source/stm32f37x_dbgmcu.c ****     DBGMCU->CR &= ~DBGMCU_Periph;
  99              		.loc 1 129 0
 100 000c 024A     		ldr	r2, .L10
 101 000e 5368     		ldr	r3, [r2, #4]
 102 0010 23EA0000 		bic	r0, r3, r0
 103              	.LVL3:
 104 0014 5060     		str	r0, [r2, #4]
ARM GAS  C:\Users\strag\AppData\Local\Temp\ccsiLagG.s 			page 5


 105 0016 7047     		bx	lr
 106              	.L11:
 107              		.align	2
 108              	.L10:
 109 0018 002004E0 		.word	-536600576
 110              		.cfi_endproc
 111              	.LFE113:
 113              		.section	.text.DBGMCU_APB1PeriphConfig,"ax",%progbits
 114              		.align	2
 115              		.global	DBGMCU_APB1PeriphConfig
 116              		.thumb
 117              		.thumb_func
 119              	DBGMCU_APB1PeriphConfig:
 120              	.LFB114:
 130:../stdperiph/source/stm32f37x_dbgmcu.c ****   }
 131:../stdperiph/source/stm32f37x_dbgmcu.c **** }
 132:../stdperiph/source/stm32f37x_dbgmcu.c **** 
 133:../stdperiph/source/stm32f37x_dbgmcu.c **** /**
 134:../stdperiph/source/stm32f37x_dbgmcu.c ****   * @brief  Configures APB1 peripheral behavior when the MCU is in Debug mode.
 135:../stdperiph/source/stm32f37x_dbgmcu.c ****   * @param  DBGMCU_Periph: specifies the APB1 peripheral.
 136:../stdperiph/source/stm32f37x_dbgmcu.c ****   *          This parameter can be any combination of the following values:
 137:../stdperiph/source/stm32f37x_dbgmcu.c ****   *             @arg DBGMCU_TIM2_STOP: TIM2 counter stopped when Core is halted.
 138:../stdperiph/source/stm32f37x_dbgmcu.c ****   *             @arg DBGMCU_TIM3_STOP: TIM3 counter stopped when Core is halted.
 139:../stdperiph/source/stm32f37x_dbgmcu.c ****   *             @arg DBGMCU_TIM4_STOP: TIM4 counter stopped when Core is halted
 140:../stdperiph/source/stm32f37x_dbgmcu.c ****   *             @arg DBGMCU_TIM5_STOP: TIM5 counter stopped when Core is halted.
 141:../stdperiph/source/stm32f37x_dbgmcu.c ****   *             @arg DBGMCU_TIM6_STOP: TIM6 counter stopped when Core is halted.
 142:../stdperiph/source/stm32f37x_dbgmcu.c ****   *             @arg DBGMCU_TIM7_STOP: TIM7 counter stopped when Core is halted.
 143:../stdperiph/source/stm32f37x_dbgmcu.c ****   *             @arg DBGMCU_TIM12_STOP: TIM12 counter stopped when Core is halted.
 144:../stdperiph/source/stm32f37x_dbgmcu.c ****   *             @arg DBGMCU_TIM13_STOP: TIM13 counter stopped when Core is halted.
 145:../stdperiph/source/stm32f37x_dbgmcu.c ****   *             @arg DBGMCU_TIM14_STOP: TIM14 counter stopped when Core is halted.
 146:../stdperiph/source/stm32f37x_dbgmcu.c ****   *             @arg DBGMCU_TIM18_STOP: TIM18 counter stopped when Core is halted.
 147:../stdperiph/source/stm32f37x_dbgmcu.c ****   *             @arg DBGMCU_RTC_STOP: RTC Calendar and Wakeup counter are stopped 
 148:../stdperiph/source/stm32f37x_dbgmcu.c ****   *                  when Core is halted 
 149:../stdperiph/source/stm32f37x_dbgmcu.c ****   *             @arg DBGMCU_WWDG_STOP: Debug WWDG stopped when Core is halted
 150:../stdperiph/source/stm32f37x_dbgmcu.c ****   *             @arg DBGMCU_IWDG_STOP: Debug IWDG stopped when Core is halted.
 151:../stdperiph/source/stm32f37x_dbgmcu.c ****   *             @arg DBGMCU_I2C1_SMBUS_TIMEOUT: I2C1 SMBUS timeout mode stopped 
 152:../stdperiph/source/stm32f37x_dbgmcu.c ****   *                  when Core is halted.
 153:../stdperiph/source/stm32f37x_dbgmcu.c ****   *             @arg DBGMCU_I2C2_SMBUS_TIMEOUT: I2C2 SMBUS timeout mode stopped 
 154:../stdperiph/source/stm32f37x_dbgmcu.c ****   *                  when Core is halted.
 155:../stdperiph/source/stm32f37x_dbgmcu.c ****   *             @arg DBGMCU_CAN1_STOP: Debug CAN2 stopped when Core is halted.
 156:../stdperiph/source/stm32f37x_dbgmcu.c ****   * @param  NewState: new state of the specified APB1 peripheral in Debug mode.
 157:../stdperiph/source/stm32f37x_dbgmcu.c ****   *          This parameter can be: ENABLE or DISABLE.
 158:../stdperiph/source/stm32f37x_dbgmcu.c ****   * @retval None
 159:../stdperiph/source/stm32f37x_dbgmcu.c ****   */
 160:../stdperiph/source/stm32f37x_dbgmcu.c **** void DBGMCU_APB1PeriphConfig(uint32_t DBGMCU_Periph, FunctionalState NewState)
 161:../stdperiph/source/stm32f37x_dbgmcu.c **** {
 121              		.loc 1 161 0
 122              		.cfi_startproc
 123              		@ args = 0, pretend = 0, frame = 0
 124              		@ frame_needed = 0, uses_anonymous_args = 0
 125              		@ link register save eliminated.
 126              	.LVL4:
 162:../stdperiph/source/stm32f37x_dbgmcu.c ****   /* Check the parameters */
 163:../stdperiph/source/stm32f37x_dbgmcu.c ****   assert_param(IS_DBGMCU_APB1PERIPH(DBGMCU_Periph));
 164:../stdperiph/source/stm32f37x_dbgmcu.c ****   assert_param(IS_FUNCTIONAL_STATE(NewState));
 165:../stdperiph/source/stm32f37x_dbgmcu.c **** 
 166:../stdperiph/source/stm32f37x_dbgmcu.c ****   if (NewState != DISABLE)
ARM GAS  C:\Users\strag\AppData\Local\Temp\ccsiLagG.s 			page 6


 127              		.loc 1 166 0
 128 0000 21B1     		cbz	r1, .L13
 167:../stdperiph/source/stm32f37x_dbgmcu.c ****   {
 168:../stdperiph/source/stm32f37x_dbgmcu.c ****     DBGMCU->APB1FZ |= DBGMCU_Periph;
 129              		.loc 1 168 0
 130 0002 054B     		ldr	r3, .L15
 131 0004 9A68     		ldr	r2, [r3, #8]
 132 0006 1043     		orrs	r0, r0, r2
 133              	.LVL5:
 134 0008 9860     		str	r0, [r3, #8]
 135 000a 7047     		bx	lr
 136              	.LVL6:
 137              	.L13:
 169:../stdperiph/source/stm32f37x_dbgmcu.c ****   }
 170:../stdperiph/source/stm32f37x_dbgmcu.c ****   else
 171:../stdperiph/source/stm32f37x_dbgmcu.c ****   {
 172:../stdperiph/source/stm32f37x_dbgmcu.c ****     DBGMCU->APB1FZ &= ~DBGMCU_Periph;
 138              		.loc 1 172 0
 139 000c 024A     		ldr	r2, .L15
 140 000e 9368     		ldr	r3, [r2, #8]
 141 0010 23EA0000 		bic	r0, r3, r0
 142              	.LVL7:
 143 0014 9060     		str	r0, [r2, #8]
 144 0016 7047     		bx	lr
 145              	.L16:
 146              		.align	2
 147              	.L15:
 148 0018 002004E0 		.word	-536600576
 149              		.cfi_endproc
 150              	.LFE114:
 152              		.section	.text.DBGMCU_APB2PeriphConfig,"ax",%progbits
 153              		.align	2
 154              		.global	DBGMCU_APB2PeriphConfig
 155              		.thumb
 156              		.thumb_func
 158              	DBGMCU_APB2PeriphConfig:
 159              	.LFB115:
 173:../stdperiph/source/stm32f37x_dbgmcu.c ****   }
 174:../stdperiph/source/stm32f37x_dbgmcu.c **** }
 175:../stdperiph/source/stm32f37x_dbgmcu.c **** 
 176:../stdperiph/source/stm32f37x_dbgmcu.c **** /**
 177:../stdperiph/source/stm32f37x_dbgmcu.c ****   * @brief  Configures APB2 peripheral behavior when the MCU is in Debug mode.
 178:../stdperiph/source/stm32f37x_dbgmcu.c ****   * @param  DBGMCU_Periph: specifies the APB2 peripheral.
 179:../stdperiph/source/stm32f37x_dbgmcu.c ****   *          This parameter can be any combination of the following values:
 180:../stdperiph/source/stm32f37x_dbgmcu.c ****   *             @arg DBGMCU_TIM15_STOP: TIM15 counter stopped when Core is halted.
 181:../stdperiph/source/stm32f37x_dbgmcu.c ****   *             @arg DBGMCU_TIM16_STOP: TIM16 counter stopped when Core is halted.
 182:../stdperiph/source/stm32f37x_dbgmcu.c ****   *             @arg DBGMCU_TIM17_STOP: TIM17 counter stopped when Core is halted.
 183:../stdperiph/source/stm32f37x_dbgmcu.c ****   *             @arg DBGMCU_TIM19_STOP: TIM19 counter stopped when Core is halted.
 184:../stdperiph/source/stm32f37x_dbgmcu.c ****   * @param  NewState: new state of the specified APB2 peripheral in Debug mode.
 185:../stdperiph/source/stm32f37x_dbgmcu.c ****   *          This parameter can be: ENABLE or DISABLE.
 186:../stdperiph/source/stm32f37x_dbgmcu.c ****   * @retval None
 187:../stdperiph/source/stm32f37x_dbgmcu.c ****   */
 188:../stdperiph/source/stm32f37x_dbgmcu.c **** void DBGMCU_APB2PeriphConfig(uint32_t DBGMCU_Periph, FunctionalState NewState)
 189:../stdperiph/source/stm32f37x_dbgmcu.c **** {
 160              		.loc 1 189 0
 161              		.cfi_startproc
 162              		@ args = 0, pretend = 0, frame = 0
ARM GAS  C:\Users\strag\AppData\Local\Temp\ccsiLagG.s 			page 7


 163              		@ frame_needed = 0, uses_anonymous_args = 0
 164              		@ link register save eliminated.
 165              	.LVL8:
 190:../stdperiph/source/stm32f37x_dbgmcu.c ****   /* Check the parameters */
 191:../stdperiph/source/stm32f37x_dbgmcu.c ****   assert_param(IS_DBGMCU_APB2PERIPH(DBGMCU_Periph));
 192:../stdperiph/source/stm32f37x_dbgmcu.c ****   assert_param(IS_FUNCTIONAL_STATE(NewState));
 193:../stdperiph/source/stm32f37x_dbgmcu.c **** 
 194:../stdperiph/source/stm32f37x_dbgmcu.c ****   if (NewState != DISABLE)
 166              		.loc 1 194 0
 167 0000 21B1     		cbz	r1, .L18
 195:../stdperiph/source/stm32f37x_dbgmcu.c ****   {
 196:../stdperiph/source/stm32f37x_dbgmcu.c ****     DBGMCU->APB2FZ |= DBGMCU_Periph;
 168              		.loc 1 196 0
 169 0002 054B     		ldr	r3, .L20
 170 0004 DA68     		ldr	r2, [r3, #12]
 171 0006 1043     		orrs	r0, r0, r2
 172              	.LVL9:
 173 0008 D860     		str	r0, [r3, #12]
 174 000a 7047     		bx	lr
 175              	.LVL10:
 176              	.L18:
 197:../stdperiph/source/stm32f37x_dbgmcu.c ****   }
 198:../stdperiph/source/stm32f37x_dbgmcu.c ****   else
 199:../stdperiph/source/stm32f37x_dbgmcu.c ****   {
 200:../stdperiph/source/stm32f37x_dbgmcu.c ****     DBGMCU->APB2FZ &= ~DBGMCU_Periph;
 177              		.loc 1 200 0
 178 000c 024A     		ldr	r2, .L20
 179 000e D368     		ldr	r3, [r2, #12]
 180 0010 23EA0000 		bic	r0, r3, r0
 181              	.LVL11:
 182 0014 D060     		str	r0, [r2, #12]
 183 0016 7047     		bx	lr
 184              	.L21:
 185              		.align	2
 186              	.L20:
 187 0018 002004E0 		.word	-536600576
 188              		.cfi_endproc
 189              	.LFE115:
 191              		.text
 192              	.Letext0:
 193              		.file 2 "d:\\gcc-arm-none-eabi-5_4-2016q3-20160926-win32\\arm-none-eabi\\include\\machine\\_defaul
 194              		.file 3 "d:\\gcc-arm-none-eabi-5_4-2016q3-20160926-win32\\arm-none-eabi\\include\\sys\\_stdint.h"
 195              		.file 4 "../cmsis/include/stm32f37x.h"
 196              		.file 5 "../cmsis/include/core_cm4.h"
ARM GAS  C:\Users\strag\AppData\Local\Temp\ccsiLagG.s 			page 8


DEFINED SYMBOLS
                            *ABS*:00000000 stm32f37x_dbgmcu.c
C:\Users\strag\AppData\Local\Temp\ccsiLagG.s:22     .text.DBGMCU_GetREVID:00000000 $t
C:\Users\strag\AppData\Local\Temp\ccsiLagG.s:27     .text.DBGMCU_GetREVID:00000000 DBGMCU_GetREVID
C:\Users\strag\AppData\Local\Temp\ccsiLagG.s:44     .text.DBGMCU_GetREVID:00000008 $d
C:\Users\strag\AppData\Local\Temp\ccsiLagG.s:49     .text.DBGMCU_GetDEVID:00000000 $t
C:\Users\strag\AppData\Local\Temp\ccsiLagG.s:54     .text.DBGMCU_GetDEVID:00000000 DBGMCU_GetDEVID
C:\Users\strag\AppData\Local\Temp\ccsiLagG.s:70     .text.DBGMCU_GetDEVID:0000000c $d
C:\Users\strag\AppData\Local\Temp\ccsiLagG.s:75     .text.DBGMCU_Config:00000000 $t
C:\Users\strag\AppData\Local\Temp\ccsiLagG.s:80     .text.DBGMCU_Config:00000000 DBGMCU_Config
C:\Users\strag\AppData\Local\Temp\ccsiLagG.s:109    .text.DBGMCU_Config:00000018 $d
C:\Users\strag\AppData\Local\Temp\ccsiLagG.s:114    .text.DBGMCU_APB1PeriphConfig:00000000 $t
C:\Users\strag\AppData\Local\Temp\ccsiLagG.s:119    .text.DBGMCU_APB1PeriphConfig:00000000 DBGMCU_APB1PeriphConfig
C:\Users\strag\AppData\Local\Temp\ccsiLagG.s:148    .text.DBGMCU_APB1PeriphConfig:00000018 $d
C:\Users\strag\AppData\Local\Temp\ccsiLagG.s:153    .text.DBGMCU_APB2PeriphConfig:00000000 $t
C:\Users\strag\AppData\Local\Temp\ccsiLagG.s:158    .text.DBGMCU_APB2PeriphConfig:00000000 DBGMCU_APB2PeriphConfig
C:\Users\strag\AppData\Local\Temp\ccsiLagG.s:187    .text.DBGMCU_APB2PeriphConfig:00000018 $d
                     .debug_frame:00000010 $d

NO UNDEFINED SYMBOLS
