ARM GAS  C:\Users\strag\AppData\Local\Temp\ccz7Pxzg.s 			page 1


   1              		.syntax unified
   2              		.cpu cortex-m4
   3              		.eabi_attribute 27, 1
   4              		.eabi_attribute 28, 1
   5              		.fpu fpv4-sp-d16
   6              		.eabi_attribute 20, 1
   7              		.eabi_attribute 21, 1
   8              		.eabi_attribute 23, 3
   9              		.eabi_attribute 24, 1
  10              		.eabi_attribute 25, 1
  11              		.eabi_attribute 26, 1
  12              		.eabi_attribute 30, 1
  13              		.eabi_attribute 34, 1
  14              		.eabi_attribute 18, 4
  15              		.thumb
  16              		.syntax unified
  17              		.file	"stm32f37x_gpio.c"
  18              		.text
  19              	.Ltext0:
  20              		.cfi_sections	.debug_frame
  21              		.section	.text.GPIO_DeInit,"ax",%progbits
  22              		.align	2
  23              		.global	GPIO_DeInit
  24              		.thumb
  25              		.thumb_func
  27              	GPIO_DeInit:
  28              	.LFB111:
  29              		.file 1 "../stdperiph/source/stm32f37x_gpio.c"
   1:../stdperiph/source/stm32f37x_gpio.c **** /**
   2:../stdperiph/source/stm32f37x_gpio.c ****   ******************************************************************************
   3:../stdperiph/source/stm32f37x_gpio.c ****   * @file    stm32f37x_gpio.c
   4:../stdperiph/source/stm32f37x_gpio.c ****   * @author  MCD Application Team
   5:../stdperiph/source/stm32f37x_gpio.c ****   * @version V1.0.0
   6:../stdperiph/source/stm32f37x_gpio.c ****   * @date    20-September-2012
   7:../stdperiph/source/stm32f37x_gpio.c ****   * @brief   This file provides firmware functions to manage the following 
   8:../stdperiph/source/stm32f37x_gpio.c ****   *          functionalities of the GPIO peripheral:
   9:../stdperiph/source/stm32f37x_gpio.c ****   *           + Initialization and Configuration functions
  10:../stdperiph/source/stm32f37x_gpio.c ****   *           + GPIO Read and Write functions
  11:../stdperiph/source/stm32f37x_gpio.c ****   *           + GPIO Alternate functions configuration functions
  12:../stdperiph/source/stm32f37x_gpio.c ****   *
  13:../stdperiph/source/stm32f37x_gpio.c ****   *  @verbatim
  14:../stdperiph/source/stm32f37x_gpio.c ****   *
  15:../stdperiph/source/stm32f37x_gpio.c ****   *
  16:../stdperiph/source/stm32f37x_gpio.c ****     ===========================================================================
  17:../stdperiph/source/stm32f37x_gpio.c ****                          ##### How to use this driver #####
  18:../stdperiph/source/stm32f37x_gpio.c ****     ===========================================================================
  19:../stdperiph/source/stm32f37x_gpio.c ****       [..]
  20:../stdperiph/source/stm32f37x_gpio.c ****       (#) Enable the GPIO AHB clock using RCC_AHBPeriphClockCmd()
  21:../stdperiph/source/stm32f37x_gpio.c ****       (#) Configure the GPIO pin(s) using GPIO_Init()
  22:../stdperiph/source/stm32f37x_gpio.c ****           Four possible configuration are available for each pin:
  23:../stdperiph/source/stm32f37x_gpio.c ****          (++) Input: Floating, Pull-up, Pull-down.
  24:../stdperiph/source/stm32f37x_gpio.c ****          (++) Output: Push-Pull (Pull-up, Pull-down or no Pull),
  25:../stdperiph/source/stm32f37x_gpio.c ****                       Open Drain (Pull-up, Pull-down or no Pull).
  26:../stdperiph/source/stm32f37x_gpio.c ****               In output mode, the speed is configurable: Low, Medium, Fast or High.
  27:../stdperiph/source/stm32f37x_gpio.c ****          (++) Alternate Function: Push-Pull (Pull-up, Pull-down or no Pull),
  28:../stdperiph/source/stm32f37x_gpio.c ****                                   Open Drain (Pull-up, Pull-down or no Pull).
  29:../stdperiph/source/stm32f37x_gpio.c ****          (++) Analog: required mode when a pin is to be used as ADC channel,
ARM GAS  C:\Users\strag\AppData\Local\Temp\ccz7Pxzg.s 			page 2


  30:../stdperiph/source/stm32f37x_gpio.c ****               DAC output or comparator input.
  31:../stdperiph/source/stm32f37x_gpio.c ****       (#) Peripherals alternate function:
  32:../stdperiph/source/stm32f37x_gpio.c ****          (++) For ADC, DAC and comparators, configure the desired pin in 
  33:../stdperiph/source/stm32f37x_gpio.c ****               analog mode using GPIO_InitStruct->GPIO_Mode = GPIO_Mode_AN
  34:../stdperiph/source/stm32f37x_gpio.c ****          (++) For other peripherals (TIM, USART...):
  35:../stdperiph/source/stm32f37x_gpio.c ****               (+++) Connect the pin to the desired peripherals' Alternate 
  36:../stdperiph/source/stm32f37x_gpio.c ****                     Function (AF) using GPIO_PinAFConfig() function. For PortC, 
  37:../stdperiph/source/stm32f37x_gpio.c ****                     PortD and PortF, no configuration is needed.
  38:../stdperiph/source/stm32f37x_gpio.c ****               (+++) Configure the desired pin in alternate function mode using
  39:../stdperiph/source/stm32f37x_gpio.c ****                     GPIO_InitStruct->GPIO_Mode = GPIO_Mode_AF
  40:../stdperiph/source/stm32f37x_gpio.c ****               (+++) Select the type, pull-up/pull-down and output speed via 
  41:../stdperiph/source/stm32f37x_gpio.c ****                     GPIO_PuPd, GPIO_OType and GPIO_Speed members
  42:../stdperiph/source/stm32f37x_gpio.c ****               (+++) Call GPIO_Init() function
  43:../stdperiph/source/stm32f37x_gpio.c ****       (#) To get the level of a pin configured in input mode use GPIO_ReadInputDataBit()
  44:../stdperiph/source/stm32f37x_gpio.c ****       (#) To set/reset the level of a pin configured in output mode use
  45:../stdperiph/source/stm32f37x_gpio.c ****           GPIO_SetBits()/GPIO_ResetBits()
  46:../stdperiph/source/stm32f37x_gpio.c ****       (#) During and just after reset, the alternate functions are not active and 
  47:../stdperiph/source/stm32f37x_gpio.c ****           the GPIO pins are configured in input floating mode (except JTAG pins).
  48:../stdperiph/source/stm32f37x_gpio.c ****       (#) The LSE oscillator pins OSC32_IN and OSC32_OUT can be used as general-purpose 
  49:../stdperiph/source/stm32f37x_gpio.c ****           (PC14 and PC15, respectively) when the LSE oscillator is off. The LSE 
  50:../stdperiph/source/stm32f37x_gpio.c ****           has priority over the GPIO function.
  51:../stdperiph/source/stm32f37x_gpio.c ****       (#) The HSE oscillator pins OSC_IN/OSC_OUT can be used as general-purpose 
  52:../stdperiph/source/stm32f37x_gpio.c ****           (PF0 and PF1 respectively) when the HSE oscillator is off. The HSE has 
  53:../stdperiph/source/stm32f37x_gpio.c ****           the priority over the GPIO function. 
  54:../stdperiph/source/stm32f37x_gpio.c ****     @endverbatim
  55:../stdperiph/source/stm32f37x_gpio.c ****   ******************************************************************************
  56:../stdperiph/source/stm32f37x_gpio.c ****   * @attention
  57:../stdperiph/source/stm32f37x_gpio.c ****   *
  58:../stdperiph/source/stm32f37x_gpio.c ****   * <h2><center>&copy; COPYRIGHT 2012 STMicroelectronics</center></h2>
  59:../stdperiph/source/stm32f37x_gpio.c ****   *
  60:../stdperiph/source/stm32f37x_gpio.c ****   * Licensed under MCD-ST Liberty SW License Agreement V2, (the "License");
  61:../stdperiph/source/stm32f37x_gpio.c ****   * You may not use this file except in compliance with the License.
  62:../stdperiph/source/stm32f37x_gpio.c ****   * You may obtain a copy of the License at:
  63:../stdperiph/source/stm32f37x_gpio.c ****   *
  64:../stdperiph/source/stm32f37x_gpio.c ****   *        http://www.st.com/software_license_agreement_liberty_v2
  65:../stdperiph/source/stm32f37x_gpio.c ****   *
  66:../stdperiph/source/stm32f37x_gpio.c ****   * Unless required by applicable law or agreed to in writing, software 
  67:../stdperiph/source/stm32f37x_gpio.c ****   * distributed under the License is distributed on an "AS IS" BASIS, 
  68:../stdperiph/source/stm32f37x_gpio.c ****   * WITHOUT WARRANTIES OR CONDITIONS OF ANY KIND, either express or implied.
  69:../stdperiph/source/stm32f37x_gpio.c ****   * See the License for the specific language governing permissions and
  70:../stdperiph/source/stm32f37x_gpio.c ****   * limitations under the License.
  71:../stdperiph/source/stm32f37x_gpio.c ****   *
  72:../stdperiph/source/stm32f37x_gpio.c ****   ******************************************************************************
  73:../stdperiph/source/stm32f37x_gpio.c ****   */
  74:../stdperiph/source/stm32f37x_gpio.c **** 
  75:../stdperiph/source/stm32f37x_gpio.c **** /* Includes ------------------------------------------------------------------*/
  76:../stdperiph/source/stm32f37x_gpio.c **** #include "stm32f37x_gpio.h"
  77:../stdperiph/source/stm32f37x_gpio.c **** #include "stm32f37x_rcc.h"
  78:../stdperiph/source/stm32f37x_gpio.c **** 
  79:../stdperiph/source/stm32f37x_gpio.c **** /** @addtogroup STM32F37x_StdPeriph_Driver
  80:../stdperiph/source/stm32f37x_gpio.c ****   * @{
  81:../stdperiph/source/stm32f37x_gpio.c ****   */
  82:../stdperiph/source/stm32f37x_gpio.c **** 
  83:../stdperiph/source/stm32f37x_gpio.c **** /** @defgroup GPIO 
  84:../stdperiph/source/stm32f37x_gpio.c ****   * @brief GPIO driver modules
  85:../stdperiph/source/stm32f37x_gpio.c ****   * @{
  86:../stdperiph/source/stm32f37x_gpio.c ****   */
ARM GAS  C:\Users\strag\AppData\Local\Temp\ccz7Pxzg.s 			page 3


  87:../stdperiph/source/stm32f37x_gpio.c **** 
  88:../stdperiph/source/stm32f37x_gpio.c **** /* Private typedef -----------------------------------------------------------*/
  89:../stdperiph/source/stm32f37x_gpio.c **** /* Private define ------------------------------------------------------------*/
  90:../stdperiph/source/stm32f37x_gpio.c **** /* Private macro -------------------------------------------------------------*/
  91:../stdperiph/source/stm32f37x_gpio.c **** /* Private variables ---------------------------------------------------------*/
  92:../stdperiph/source/stm32f37x_gpio.c **** /* Private function prototypes -----------------------------------------------*/
  93:../stdperiph/source/stm32f37x_gpio.c **** /* Private functions ---------------------------------------------------------*/
  94:../stdperiph/source/stm32f37x_gpio.c **** 
  95:../stdperiph/source/stm32f37x_gpio.c **** /** @defgroup GPIO_Private_Functions 
  96:../stdperiph/source/stm32f37x_gpio.c ****   * @{
  97:../stdperiph/source/stm32f37x_gpio.c ****   */
  98:../stdperiph/source/stm32f37x_gpio.c **** 
  99:../stdperiph/source/stm32f37x_gpio.c **** /** @defgroup GPIO_Group1 Initialization and Configuration
 100:../stdperiph/source/stm32f37x_gpio.c ****  *  @brief   Initialization and Configuration
 101:../stdperiph/source/stm32f37x_gpio.c ****  *
 102:../stdperiph/source/stm32f37x_gpio.c **** @verbatim
 103:../stdperiph/source/stm32f37x_gpio.c ****  ===============================================================================
 104:../stdperiph/source/stm32f37x_gpio.c ****                     ##### Initialization and Configuration #####
 105:../stdperiph/source/stm32f37x_gpio.c ****  ===============================================================================
 106:../stdperiph/source/stm32f37x_gpio.c **** 
 107:../stdperiph/source/stm32f37x_gpio.c **** @endverbatim
 108:../stdperiph/source/stm32f37x_gpio.c ****   * @{
 109:../stdperiph/source/stm32f37x_gpio.c ****   */
 110:../stdperiph/source/stm32f37x_gpio.c **** 
 111:../stdperiph/source/stm32f37x_gpio.c **** /**
 112:../stdperiph/source/stm32f37x_gpio.c ****   * @brief  Deinitializes the GPIOx peripheral registers to their default reset 
 113:../stdperiph/source/stm32f37x_gpio.c ****   *         values.
 114:../stdperiph/source/stm32f37x_gpio.c ****   * @param  GPIOx: where x can be (A, B, C, D, E or F) to select the GPIO peripheral.
 115:../stdperiph/source/stm32f37x_gpio.c ****   * @retval None
 116:../stdperiph/source/stm32f37x_gpio.c ****   */
 117:../stdperiph/source/stm32f37x_gpio.c **** void GPIO_DeInit(GPIO_TypeDef* GPIOx)
 118:../stdperiph/source/stm32f37x_gpio.c **** {
  30              		.loc 1 118 0
  31              		.cfi_startproc
  32              		@ args = 0, pretend = 0, frame = 0
  33              		@ frame_needed = 0, uses_anonymous_args = 0
  34              	.LVL0:
  35 0000 08B5     		push	{r3, lr}
  36              	.LCFI0:
  37              		.cfi_def_cfa_offset 8
  38              		.cfi_offset 3, -8
  39              		.cfi_offset 14, -4
 119:../stdperiph/source/stm32f37x_gpio.c ****   /* Check the parameters */
 120:../stdperiph/source/stm32f37x_gpio.c ****   assert_param(IS_GPIO_ALL_PERIPH(GPIOx));
 121:../stdperiph/source/stm32f37x_gpio.c **** 
 122:../stdperiph/source/stm32f37x_gpio.c ****   if(GPIOx == GPIOA)
  40              		.loc 1 122 0
  41 0002 B0F1904F 		cmp	r0, #1207959552
  42 0006 0AD1     		bne	.L2
 123:../stdperiph/source/stm32f37x_gpio.c ****   {
 124:../stdperiph/source/stm32f37x_gpio.c ****     RCC_AHBPeriphResetCmd(RCC_AHBPeriph_GPIOA, ENABLE);
  43              		.loc 1 124 0
  44 0008 0121     		movs	r1, #1
  45 000a 4FF40030 		mov	r0, #131072
  46              	.LVL1:
  47 000e FFF7FEFF 		bl	RCC_AHBPeriphResetCmd
  48              	.LVL2:
ARM GAS  C:\Users\strag\AppData\Local\Temp\ccz7Pxzg.s 			page 4


 125:../stdperiph/source/stm32f37x_gpio.c ****     RCC_AHBPeriphResetCmd(RCC_AHBPeriph_GPIOA, DISABLE);
  49              		.loc 1 125 0
  50 0012 0021     		movs	r1, #0
  51 0014 4FF40030 		mov	r0, #131072
  52 0018 FFF7FEFF 		bl	RCC_AHBPeriphResetCmd
  53              	.LVL3:
  54 001c 08BD     		pop	{r3, pc}
  55              	.LVL4:
  56              	.L2:
 126:../stdperiph/source/stm32f37x_gpio.c ****   }
 127:../stdperiph/source/stm32f37x_gpio.c ****   else if(GPIOx == GPIOB)
  57              		.loc 1 127 0
  58 001e 234B     		ldr	r3, .L9
  59 0020 9842     		cmp	r0, r3
  60 0022 0AD1     		bne	.L4
 128:../stdperiph/source/stm32f37x_gpio.c ****   {
 129:../stdperiph/source/stm32f37x_gpio.c ****     RCC_AHBPeriphResetCmd(RCC_AHBPeriph_GPIOB, ENABLE);
  61              		.loc 1 129 0
  62 0024 0121     		movs	r1, #1
  63 0026 4FF48020 		mov	r0, #262144
  64              	.LVL5:
  65 002a FFF7FEFF 		bl	RCC_AHBPeriphResetCmd
  66              	.LVL6:
 130:../stdperiph/source/stm32f37x_gpio.c ****     RCC_AHBPeriphResetCmd(RCC_AHBPeriph_GPIOB, DISABLE);
  67              		.loc 1 130 0
  68 002e 0021     		movs	r1, #0
  69 0030 4FF48020 		mov	r0, #262144
  70 0034 FFF7FEFF 		bl	RCC_AHBPeriphResetCmd
  71              	.LVL7:
  72 0038 08BD     		pop	{r3, pc}
  73              	.LVL8:
  74              	.L4:
 131:../stdperiph/source/stm32f37x_gpio.c ****   }
 132:../stdperiph/source/stm32f37x_gpio.c ****   else if(GPIOx == GPIOC)
  75              		.loc 1 132 0
  76 003a 1D4B     		ldr	r3, .L9+4
  77 003c 9842     		cmp	r0, r3
  78 003e 0AD1     		bne	.L5
 133:../stdperiph/source/stm32f37x_gpio.c ****   {
 134:../stdperiph/source/stm32f37x_gpio.c ****     RCC_AHBPeriphResetCmd(RCC_AHBPeriph_GPIOC, ENABLE);
  79              		.loc 1 134 0
  80 0040 0121     		movs	r1, #1
  81 0042 4FF40020 		mov	r0, #524288
  82              	.LVL9:
  83 0046 FFF7FEFF 		bl	RCC_AHBPeriphResetCmd
  84              	.LVL10:
 135:../stdperiph/source/stm32f37x_gpio.c ****     RCC_AHBPeriphResetCmd(RCC_AHBPeriph_GPIOC, DISABLE);
  85              		.loc 1 135 0
  86 004a 0021     		movs	r1, #0
  87 004c 4FF40020 		mov	r0, #524288
  88 0050 FFF7FEFF 		bl	RCC_AHBPeriphResetCmd
  89              	.LVL11:
  90 0054 08BD     		pop	{r3, pc}
  91              	.LVL12:
  92              	.L5:
 136:../stdperiph/source/stm32f37x_gpio.c ****   }
 137:../stdperiph/source/stm32f37x_gpio.c ****   else if(GPIOx == GPIOD)
ARM GAS  C:\Users\strag\AppData\Local\Temp\ccz7Pxzg.s 			page 5


  93              		.loc 1 137 0
  94 0056 174B     		ldr	r3, .L9+8
  95 0058 9842     		cmp	r0, r3
  96 005a 0AD1     		bne	.L6
 138:../stdperiph/source/stm32f37x_gpio.c ****   {
 139:../stdperiph/source/stm32f37x_gpio.c ****     RCC_AHBPeriphResetCmd(RCC_AHBPeriph_GPIOD, ENABLE);
  97              		.loc 1 139 0
  98 005c 0121     		movs	r1, #1
  99 005e 4FF48010 		mov	r0, #1048576
 100              	.LVL13:
 101 0062 FFF7FEFF 		bl	RCC_AHBPeriphResetCmd
 102              	.LVL14:
 140:../stdperiph/source/stm32f37x_gpio.c ****     RCC_AHBPeriphResetCmd(RCC_AHBPeriph_GPIOD, DISABLE);
 103              		.loc 1 140 0
 104 0066 0021     		movs	r1, #0
 105 0068 4FF48010 		mov	r0, #1048576
 106 006c FFF7FEFF 		bl	RCC_AHBPeriphResetCmd
 107              	.LVL15:
 108 0070 08BD     		pop	{r3, pc}
 109              	.LVL16:
 110              	.L6:
 141:../stdperiph/source/stm32f37x_gpio.c ****   }
 142:../stdperiph/source/stm32f37x_gpio.c ****   else if(GPIOx == GPIOE)
 111              		.loc 1 142 0
 112 0072 114B     		ldr	r3, .L9+12
 113 0074 9842     		cmp	r0, r3
 114 0076 0AD1     		bne	.L7
 143:../stdperiph/source/stm32f37x_gpio.c ****   {
 144:../stdperiph/source/stm32f37x_gpio.c ****     RCC_AHBPeriphResetCmd(RCC_AHBPeriph_GPIOE, ENABLE);
 115              		.loc 1 144 0
 116 0078 0121     		movs	r1, #1
 117 007a 4FF40010 		mov	r0, #2097152
 118              	.LVL17:
 119 007e FFF7FEFF 		bl	RCC_AHBPeriphResetCmd
 120              	.LVL18:
 145:../stdperiph/source/stm32f37x_gpio.c ****     RCC_AHBPeriphResetCmd(RCC_AHBPeriph_GPIOE, DISABLE);
 121              		.loc 1 145 0
 122 0082 0021     		movs	r1, #0
 123 0084 4FF40010 		mov	r0, #2097152
 124 0088 FFF7FEFF 		bl	RCC_AHBPeriphResetCmd
 125              	.LVL19:
 126 008c 08BD     		pop	{r3, pc}
 127              	.LVL20:
 128              	.L7:
 146:../stdperiph/source/stm32f37x_gpio.c ****   }
 147:../stdperiph/source/stm32f37x_gpio.c ****   else
 148:../stdperiph/source/stm32f37x_gpio.c ****   {
 149:../stdperiph/source/stm32f37x_gpio.c ****     if(GPIOx == GPIOF)
 129              		.loc 1 149 0
 130 008e 0B4B     		ldr	r3, .L9+16
 131 0090 9842     		cmp	r0, r3
 132 0092 09D1     		bne	.L1
 150:../stdperiph/source/stm32f37x_gpio.c ****     {
 151:../stdperiph/source/stm32f37x_gpio.c ****       RCC_AHBPeriphResetCmd(RCC_AHBPeriph_GPIOF, ENABLE);
 133              		.loc 1 151 0
 134 0094 0121     		movs	r1, #1
 135 0096 4FF48000 		mov	r0, #4194304
ARM GAS  C:\Users\strag\AppData\Local\Temp\ccz7Pxzg.s 			page 6


 136              	.LVL21:
 137 009a FFF7FEFF 		bl	RCC_AHBPeriphResetCmd
 138              	.LVL22:
 152:../stdperiph/source/stm32f37x_gpio.c ****       RCC_AHBPeriphResetCmd(RCC_AHBPeriph_GPIOF, DISABLE);
 139              		.loc 1 152 0
 140 009e 0021     		movs	r1, #0
 141 00a0 4FF48000 		mov	r0, #4194304
 142 00a4 FFF7FEFF 		bl	RCC_AHBPeriphResetCmd
 143              	.LVL23:
 144              	.L1:
 145 00a8 08BD     		pop	{r3, pc}
 146              	.L10:
 147 00aa 00BF     		.align	2
 148              	.L9:
 149 00ac 00040048 		.word	1207960576
 150 00b0 00080048 		.word	1207961600
 151 00b4 000C0048 		.word	1207962624
 152 00b8 00100048 		.word	1207963648
 153 00bc 00140048 		.word	1207964672
 154              		.cfi_endproc
 155              	.LFE111:
 157              		.section	.text.GPIO_Init,"ax",%progbits
 158              		.align	2
 159              		.global	GPIO_Init
 160              		.thumb
 161              		.thumb_func
 163              	GPIO_Init:
 164              	.LFB112:
 153:../stdperiph/source/stm32f37x_gpio.c ****     }
 154:../stdperiph/source/stm32f37x_gpio.c ****   }
 155:../stdperiph/source/stm32f37x_gpio.c **** }
 156:../stdperiph/source/stm32f37x_gpio.c **** 
 157:../stdperiph/source/stm32f37x_gpio.c **** /**
 158:../stdperiph/source/stm32f37x_gpio.c ****   * @brief  Initializes the GPIOx peripheral according to the specified 
 159:../stdperiph/source/stm32f37x_gpio.c ****   *         parameters in the GPIO_InitStruct.
 160:../stdperiph/source/stm32f37x_gpio.c ****   * @param  GPIOx: where x can be (A, B, C, D, E or F) to select the GPIO peripheral.
 161:../stdperiph/source/stm32f37x_gpio.c ****   * @param  GPIO_InitStruct: pointer to a GPIO_InitTypeDef structure that 
 162:../stdperiph/source/stm32f37x_gpio.c ****   *         contains the configuration information for the specified GPIO
 163:../stdperiph/source/stm32f37x_gpio.c ****   *         peripheral.
 164:../stdperiph/source/stm32f37x_gpio.c ****   * @note   The configured pins can be:
 165:../stdperiph/source/stm32f37x_gpio.c ****   *         GPIO_Pin_0 -> GPIO_Pin_15 for GPIOA, GPIOC, GPIOD and GPIOE;
 166:../stdperiph/source/stm32f37x_gpio.c ****   *         GPIO_Pin_0 -> GPIO_Pin_10 and GPIO_Pin_14 -> GPIO_Pin_15 for GPIOB;
 167:../stdperiph/source/stm32f37x_gpio.c ****   *         GPIO_Pin_0 -> GPIO_Pin_2, GPIO_Pin_4, GPIO_Pin_6, GPIO_Pin_9 and GPIO_Pin_10 
 168:../stdperiph/source/stm32f37x_gpio.c ****   *         for GPIOF.
 169:../stdperiph/source/stm32f37x_gpio.c ****   * @retval None
 170:../stdperiph/source/stm32f37x_gpio.c ****   */
 171:../stdperiph/source/stm32f37x_gpio.c **** void GPIO_Init(GPIO_TypeDef* GPIOx, GPIO_InitTypeDef* GPIO_InitStruct)
 172:../stdperiph/source/stm32f37x_gpio.c **** {
 165              		.loc 1 172 0
 166              		.cfi_startproc
 167              		@ args = 0, pretend = 0, frame = 0
 168              		@ frame_needed = 0, uses_anonymous_args = 0
 169              		@ link register save eliminated.
 170              	.LVL24:
 171 0000 70B4     		push	{r4, r5, r6}
 172              	.LCFI1:
 173              		.cfi_def_cfa_offset 12
ARM GAS  C:\Users\strag\AppData\Local\Temp\ccz7Pxzg.s 			page 7


 174              		.cfi_offset 4, -12
 175              		.cfi_offset 5, -8
 176              		.cfi_offset 6, -4
 177              	.LVL25:
 173:../stdperiph/source/stm32f37x_gpio.c ****   uint32_t pinpos = 0x00, pos = 0x00 , currentpin = 0x00;
 174:../stdperiph/source/stm32f37x_gpio.c **** 
 175:../stdperiph/source/stm32f37x_gpio.c ****   /* Check the parameters */
 176:../stdperiph/source/stm32f37x_gpio.c ****   assert_param(IS_GPIO_ALL_PERIPH(GPIOx));
 177:../stdperiph/source/stm32f37x_gpio.c ****   assert_param(IS_GPIO_PIN(GPIO_InitStruct->GPIO_Pin));
 178:../stdperiph/source/stm32f37x_gpio.c ****   assert_param(IS_GPIO_MODE(GPIO_InitStruct->GPIO_Mode));
 179:../stdperiph/source/stm32f37x_gpio.c ****   assert_param(IS_GPIO_PUPD(GPIO_InitStruct->GPIO_PuPd));
 180:../stdperiph/source/stm32f37x_gpio.c **** 
 181:../stdperiph/source/stm32f37x_gpio.c ****   /*-------------------------- Configure the port pins -----------------------*/
 182:../stdperiph/source/stm32f37x_gpio.c ****   /*-- GPIO Mode Configuration --*/
 183:../stdperiph/source/stm32f37x_gpio.c ****   for (pinpos = 0x00; pinpos < 0x10; pinpos++)
 178              		.loc 1 183 0
 179 0002 0023     		movs	r3, #0
 180 0004 41E0     		b	.L12
 181              	.LVL26:
 182              	.L15:
 184:../stdperiph/source/stm32f37x_gpio.c ****   {
 185:../stdperiph/source/stm32f37x_gpio.c ****     pos = ((uint32_t)0x01) << pinpos;
 183              		.loc 1 185 0
 184 0006 0122     		movs	r2, #1
 185 0008 9A40     		lsls	r2, r2, r3
 186              	.LVL27:
 186:../stdperiph/source/stm32f37x_gpio.c **** 
 187:../stdperiph/source/stm32f37x_gpio.c ****     /* Get the port pins position */
 188:../stdperiph/source/stm32f37x_gpio.c ****     currentpin = (GPIO_InitStruct->GPIO_Pin) & pos;
 187              		.loc 1 188 0
 188 000a 0C68     		ldr	r4, [r1]
 189              	.LVL28:
 189:../stdperiph/source/stm32f37x_gpio.c **** 
 190:../stdperiph/source/stm32f37x_gpio.c ****     if (currentpin == pos)
 190              		.loc 1 190 0
 191 000c A243     		bics	r2, r2, r4
 192              	.LVL29:
 193 000e 3BD1     		bne	.L13
 191:../stdperiph/source/stm32f37x_gpio.c ****     {
 192:../stdperiph/source/stm32f37x_gpio.c ****       if ((GPIO_InitStruct->GPIO_Mode == GPIO_Mode_OUT) || (GPIO_InitStruct->GPIO_Mode == GPIO_Mode
 194              		.loc 1 192 0
 195 0010 0A79     		ldrb	r2, [r1, #4]	@ zero_extendqisi2
 196 0012 013A     		subs	r2, r2, #1
 197 0014 D2B2     		uxtb	r2, r2
 198 0016 012A     		cmp	r2, #1
 199 0018 1CD8     		bhi	.L14
 193:../stdperiph/source/stm32f37x_gpio.c ****       {
 194:../stdperiph/source/stm32f37x_gpio.c ****         /* Check Speed mode parameters */
 195:../stdperiph/source/stm32f37x_gpio.c ****         assert_param(IS_GPIO_SPEED(GPIO_InitStruct->GPIO_Speed));
 196:../stdperiph/source/stm32f37x_gpio.c **** 
 197:../stdperiph/source/stm32f37x_gpio.c ****         /* Speed mode configuration */
 198:../stdperiph/source/stm32f37x_gpio.c ****         GPIOx->OSPEEDR &= ~(GPIO_OSPEEDER_OSPEEDR0 << (pinpos * 2));
 200              		.loc 1 198 0
 201 001a 8568     		ldr	r5, [r0, #8]
 202 001c 5A00     		lsls	r2, r3, #1
 203 001e 0324     		movs	r4, #3
 204              	.LVL30:
ARM GAS  C:\Users\strag\AppData\Local\Temp\ccz7Pxzg.s 			page 8


 205 0020 9440     		lsls	r4, r4, r2
 206 0022 25EA0404 		bic	r4, r5, r4
 207 0026 8460     		str	r4, [r0, #8]
 208              	.LVL31:
 199:../stdperiph/source/stm32f37x_gpio.c ****         GPIOx->OSPEEDR |= ((uint32_t)(GPIO_InitStruct->GPIO_Speed) << (pinpos * 2));
 209              		.loc 1 199 0
 210 0028 8568     		ldr	r5, [r0, #8]
 211 002a 4C79     		ldrb	r4, [r1, #5]	@ zero_extendqisi2
 212 002c 04FA02F2 		lsl	r2, r4, r2
 213 0030 2A43     		orrs	r2, r2, r5
 214 0032 8260     		str	r2, [r0, #8]
 200:../stdperiph/source/stm32f37x_gpio.c **** 
 201:../stdperiph/source/stm32f37x_gpio.c ****         /* Check Output mode parameters */
 202:../stdperiph/source/stm32f37x_gpio.c ****         assert_param(IS_GPIO_OTYPE(GPIO_InitStruct->GPIO_OType));
 203:../stdperiph/source/stm32f37x_gpio.c **** 
 204:../stdperiph/source/stm32f37x_gpio.c ****         /* Output mode configuration */
 205:../stdperiph/source/stm32f37x_gpio.c ****         GPIOx->OTYPER &= ~((GPIO_OTYPER_OT_0) << ((uint16_t)pinpos));
 215              		.loc 1 205 0
 216 0034 8488     		ldrh	r4, [r0, #4]
 217 0036 A5B2     		uxth	r5, r4
 218 0038 9AB2     		uxth	r2, r3
 219 003a 0124     		movs	r4, #1
 220              	.LVL32:
 221 003c 9440     		lsls	r4, r4, r2
 222              	.LVL33:
 223 003e 25EA0404 		bic	r4, r5, r4
 224 0042 8480     		strh	r4, [r0, #4]	@ movhi
 206:../stdperiph/source/stm32f37x_gpio.c ****         GPIOx->OTYPER |= (uint16_t)(((uint16_t)GPIO_InitStruct->GPIO_OType) << ((uint16_t)pinpos));
 225              		.loc 1 206 0
 226 0044 8588     		ldrh	r5, [r0, #4]
 227 0046 ADB2     		uxth	r5, r5
 228 0048 8C79     		ldrb	r4, [r1, #6]	@ zero_extendqisi2
 229 004a 04FA02F2 		lsl	r2, r4, r2
 230 004e 92B2     		uxth	r2, r2
 231 0050 2A43     		orrs	r2, r2, r5
 232 0052 8280     		strh	r2, [r0, #4]	@ movhi
 233              	.L14:
 207:../stdperiph/source/stm32f37x_gpio.c ****       }
 208:../stdperiph/source/stm32f37x_gpio.c **** 
 209:../stdperiph/source/stm32f37x_gpio.c ****       GPIOx->MODER  &= ~(GPIO_MODER_MODER0 << (pinpos * 2));
 234              		.loc 1 209 0
 235 0054 0468     		ldr	r4, [r0]
 236 0056 5A00     		lsls	r2, r3, #1
 237 0058 0325     		movs	r5, #3
 238 005a 05FA02F6 		lsl	r6, r5, r2
 239 005e 24EA0604 		bic	r4, r4, r6
 240 0062 0460     		str	r4, [r0]
 210:../stdperiph/source/stm32f37x_gpio.c **** 
 211:../stdperiph/source/stm32f37x_gpio.c ****       GPIOx->MODER |= (((uint32_t)GPIO_InitStruct->GPIO_Mode) << (pinpos * 2));
 241              		.loc 1 211 0
 242 0064 0668     		ldr	r6, [r0]
 243 0066 0C79     		ldrb	r4, [r1, #4]	@ zero_extendqisi2
 244 0068 9440     		lsls	r4, r4, r2
 245 006a 3443     		orrs	r4, r4, r6
 246 006c 0460     		str	r4, [r0]
 212:../stdperiph/source/stm32f37x_gpio.c **** 
 213:../stdperiph/source/stm32f37x_gpio.c ****       /* Pull-up Pull down resistor configuration */
ARM GAS  C:\Users\strag\AppData\Local\Temp\ccz7Pxzg.s 			page 9


 214:../stdperiph/source/stm32f37x_gpio.c ****       GPIOx->PUPDR &= ~(GPIO_PUPDR_PUPDR0 << ((uint16_t)pinpos * 2));
 247              		.loc 1 214 0
 248 006e C468     		ldr	r4, [r0, #12]
 249 0070 9EB2     		uxth	r6, r3
 250 0072 7600     		lsls	r6, r6, #1
 251 0074 B540     		lsls	r5, r5, r6
 252 0076 24EA0505 		bic	r5, r4, r5
 253 007a C560     		str	r5, [r0, #12]
 215:../stdperiph/source/stm32f37x_gpio.c ****       GPIOx->PUPDR |= (((uint32_t)GPIO_InitStruct->GPIO_PuPd) << (pinpos * 2));
 254              		.loc 1 215 0
 255 007c C568     		ldr	r5, [r0, #12]
 256 007e CC79     		ldrb	r4, [r1, #7]	@ zero_extendqisi2
 257 0080 04FA02F2 		lsl	r2, r4, r2
 258 0084 2A43     		orrs	r2, r2, r5
 259 0086 C260     		str	r2, [r0, #12]
 260              	.L13:
 183:../stdperiph/source/stm32f37x_gpio.c ****   {
 261              		.loc 1 183 0 discriminator 2
 262 0088 0133     		adds	r3, r3, #1
 263              	.LVL34:
 264              	.L12:
 183:../stdperiph/source/stm32f37x_gpio.c ****   {
 265              		.loc 1 183 0 is_stmt 0 discriminator 1
 266 008a 0F2B     		cmp	r3, #15
 267 008c BBD9     		bls	.L15
 216:../stdperiph/source/stm32f37x_gpio.c ****     }
 217:../stdperiph/source/stm32f37x_gpio.c ****   }
 218:../stdperiph/source/stm32f37x_gpio.c **** }
 268              		.loc 1 218 0 is_stmt 1
 269 008e 70BC     		pop	{r4, r5, r6}
 270              	.LCFI2:
 271              		.cfi_restore 6
 272              		.cfi_restore 5
 273              		.cfi_restore 4
 274              		.cfi_def_cfa_offset 0
 275 0090 7047     		bx	lr
 276              		.cfi_endproc
 277              	.LFE112:
 279 0092 00BF     		.section	.text.GPIO_StructInit,"ax",%progbits
 280              		.align	2
 281              		.global	GPIO_StructInit
 282              		.thumb
 283              		.thumb_func
 285              	GPIO_StructInit:
 286              	.LFB113:
 219:../stdperiph/source/stm32f37x_gpio.c **** 
 220:../stdperiph/source/stm32f37x_gpio.c **** /**
 221:../stdperiph/source/stm32f37x_gpio.c ****   * @brief  Fills each GPIO_InitStruct member with its default value.
 222:../stdperiph/source/stm32f37x_gpio.c ****   * @param  GPIO_InitStruct: pointer to a GPIO_InitTypeDef structure which will 
 223:../stdperiph/source/stm32f37x_gpio.c ****   *         be initialized.
 224:../stdperiph/source/stm32f37x_gpio.c ****   * @retval None
 225:../stdperiph/source/stm32f37x_gpio.c ****   */
 226:../stdperiph/source/stm32f37x_gpio.c **** void GPIO_StructInit(GPIO_InitTypeDef* GPIO_InitStruct)
 227:../stdperiph/source/stm32f37x_gpio.c **** {
 287              		.loc 1 227 0
 288              		.cfi_startproc
 289              		@ args = 0, pretend = 0, frame = 0
ARM GAS  C:\Users\strag\AppData\Local\Temp\ccz7Pxzg.s 			page 10


 290              		@ frame_needed = 0, uses_anonymous_args = 0
 291              		@ link register save eliminated.
 292              	.LVL35:
 228:../stdperiph/source/stm32f37x_gpio.c ****   /* Reset GPIO init structure parameters values */
 229:../stdperiph/source/stm32f37x_gpio.c ****   GPIO_InitStruct->GPIO_Pin  = GPIO_Pin_All;
 293              		.loc 1 229 0
 294 0000 4FF6FF73 		movw	r3, #65535
 295 0004 0360     		str	r3, [r0]
 230:../stdperiph/source/stm32f37x_gpio.c ****   GPIO_InitStruct->GPIO_Mode = GPIO_Mode_IN;
 296              		.loc 1 230 0
 297 0006 0023     		movs	r3, #0
 298 0008 0371     		strb	r3, [r0, #4]
 231:../stdperiph/source/stm32f37x_gpio.c ****   GPIO_InitStruct->GPIO_Speed = GPIO_Speed_Level_2;
 299              		.loc 1 231 0
 300 000a 0222     		movs	r2, #2
 301 000c 4271     		strb	r2, [r0, #5]
 232:../stdperiph/source/stm32f37x_gpio.c ****   GPIO_InitStruct->GPIO_OType = GPIO_OType_PP;
 302              		.loc 1 232 0
 303 000e 8371     		strb	r3, [r0, #6]
 233:../stdperiph/source/stm32f37x_gpio.c ****   GPIO_InitStruct->GPIO_PuPd = GPIO_PuPd_NOPULL;
 304              		.loc 1 233 0
 305 0010 C371     		strb	r3, [r0, #7]
 306 0012 7047     		bx	lr
 307              		.cfi_endproc
 308              	.LFE113:
 310              		.section	.text.GPIO_PinLockConfig,"ax",%progbits
 311              		.align	2
 312              		.global	GPIO_PinLockConfig
 313              		.thumb
 314              		.thumb_func
 316              	GPIO_PinLockConfig:
 317              	.LFB114:
 234:../stdperiph/source/stm32f37x_gpio.c **** }
 235:../stdperiph/source/stm32f37x_gpio.c **** 
 236:../stdperiph/source/stm32f37x_gpio.c **** /**
 237:../stdperiph/source/stm32f37x_gpio.c ****   * @brief  Locks GPIO Pins configuration registers.
 238:../stdperiph/source/stm32f37x_gpio.c ****   * @note   The locked registers are GPIOx_MODER, GPIOx_OTYPER, GPIOx_OSPEEDR,
 239:../stdperiph/source/stm32f37x_gpio.c ****   *         GPIOx_PUPDR, GPIOx_AFRL and GPIOx_AFRH.
 240:../stdperiph/source/stm32f37x_gpio.c ****   * @note   The configuration of the locked GPIO pins can no longer be modified
 241:../stdperiph/source/stm32f37x_gpio.c ****   *         until the next device reset.
 242:../stdperiph/source/stm32f37x_gpio.c ****   * @param  GPIOx: where x can be (A or B or D) to select the GPIO peripheral.
 243:../stdperiph/source/stm32f37x_gpio.c ****   * @param  GPIO_Pin: specifies the port bit to be written.
 244:../stdperiph/source/stm32f37x_gpio.c ****   *          This parameter can be any combination of GPIO_Pin_x where x can be (0..15).
 245:../stdperiph/source/stm32f37x_gpio.c ****   * @retval None
 246:../stdperiph/source/stm32f37x_gpio.c ****   */
 247:../stdperiph/source/stm32f37x_gpio.c **** void GPIO_PinLockConfig(GPIO_TypeDef* GPIOx, uint16_t GPIO_Pin)
 248:../stdperiph/source/stm32f37x_gpio.c **** {
 318              		.loc 1 248 0
 319              		.cfi_startproc
 320              		@ args = 0, pretend = 0, frame = 8
 321              		@ frame_needed = 0, uses_anonymous_args = 0
 322              		@ link register save eliminated.
 323              	.LVL36:
 324 0000 82B0     		sub	sp, sp, #8
 325              	.LCFI3:
 326              		.cfi_def_cfa_offset 8
 249:../stdperiph/source/stm32f37x_gpio.c ****   __IO uint32_t tmp = 0x00010000;
ARM GAS  C:\Users\strag\AppData\Local\Temp\ccz7Pxzg.s 			page 11


 327              		.loc 1 249 0
 328 0002 4FF48033 		mov	r3, #65536
 329 0006 0193     		str	r3, [sp, #4]
 250:../stdperiph/source/stm32f37x_gpio.c **** 
 251:../stdperiph/source/stm32f37x_gpio.c ****   /* Check the parameters */
 252:../stdperiph/source/stm32f37x_gpio.c ****   assert_param(IS_GPIO_LIST_PERIPH(GPIOx));
 253:../stdperiph/source/stm32f37x_gpio.c ****   assert_param(IS_GPIO_PIN(GPIO_Pin));
 254:../stdperiph/source/stm32f37x_gpio.c **** 
 255:../stdperiph/source/stm32f37x_gpio.c ****   tmp |= GPIO_Pin;
 330              		.loc 1 255 0
 331 0008 019B     		ldr	r3, [sp, #4]
 332 000a 0B43     		orrs	r3, r3, r1
 333 000c 0193     		str	r3, [sp, #4]
 256:../stdperiph/source/stm32f37x_gpio.c ****   /* Set LCKK bit */
 257:../stdperiph/source/stm32f37x_gpio.c ****   GPIOx->LCKR = tmp;
 334              		.loc 1 257 0
 335 000e 019B     		ldr	r3, [sp, #4]
 336 0010 C361     		str	r3, [r0, #28]
 258:../stdperiph/source/stm32f37x_gpio.c ****   /* Reset LCKK bit */
 259:../stdperiph/source/stm32f37x_gpio.c ****   GPIOx->LCKR =  GPIO_Pin;
 337              		.loc 1 259 0
 338 0012 C161     		str	r1, [r0, #28]
 260:../stdperiph/source/stm32f37x_gpio.c ****   /* Set LCKK bit */
 261:../stdperiph/source/stm32f37x_gpio.c ****   GPIOx->LCKR = tmp;
 339              		.loc 1 261 0
 340 0014 019B     		ldr	r3, [sp, #4]
 341 0016 C361     		str	r3, [r0, #28]
 262:../stdperiph/source/stm32f37x_gpio.c ****   /* Read LCKK bit */
 263:../stdperiph/source/stm32f37x_gpio.c ****   tmp = GPIOx->LCKR;
 342              		.loc 1 263 0
 343 0018 C369     		ldr	r3, [r0, #28]
 344 001a 0193     		str	r3, [sp, #4]
 264:../stdperiph/source/stm32f37x_gpio.c ****   /* Read LCKK bit */
 265:../stdperiph/source/stm32f37x_gpio.c ****   tmp = GPIOx->LCKR;
 345              		.loc 1 265 0
 346 001c C369     		ldr	r3, [r0, #28]
 347 001e 0193     		str	r3, [sp, #4]
 266:../stdperiph/source/stm32f37x_gpio.c **** }
 348              		.loc 1 266 0
 349 0020 02B0     		add	sp, sp, #8
 350              	.LCFI4:
 351              		.cfi_def_cfa_offset 0
 352              		@ sp needed
 353 0022 7047     		bx	lr
 354              		.cfi_endproc
 355              	.LFE114:
 357              		.section	.text.GPIO_ReadInputDataBit,"ax",%progbits
 358              		.align	2
 359              		.global	GPIO_ReadInputDataBit
 360              		.thumb
 361              		.thumb_func
 363              	GPIO_ReadInputDataBit:
 364              	.LFB115:
 267:../stdperiph/source/stm32f37x_gpio.c **** 
 268:../stdperiph/source/stm32f37x_gpio.c **** /**
 269:../stdperiph/source/stm32f37x_gpio.c ****   * @}
 270:../stdperiph/source/stm32f37x_gpio.c ****   */
ARM GAS  C:\Users\strag\AppData\Local\Temp\ccz7Pxzg.s 			page 12


 271:../stdperiph/source/stm32f37x_gpio.c **** 
 272:../stdperiph/source/stm32f37x_gpio.c **** /** @defgroup GPIO_Group2 GPIO Read and Write
 273:../stdperiph/source/stm32f37x_gpio.c ****  *  @brief   GPIO Read and Write
 274:../stdperiph/source/stm32f37x_gpio.c ****  *
 275:../stdperiph/source/stm32f37x_gpio.c **** @verbatim   
 276:../stdperiph/source/stm32f37x_gpio.c ****  ===============================================================================
 277:../stdperiph/source/stm32f37x_gpio.c ****                       ##### GPIO Read and Write #####
 278:../stdperiph/source/stm32f37x_gpio.c ****  ===============================================================================  
 279:../stdperiph/source/stm32f37x_gpio.c **** 
 280:../stdperiph/source/stm32f37x_gpio.c **** @endverbatim
 281:../stdperiph/source/stm32f37x_gpio.c ****   * @{
 282:../stdperiph/source/stm32f37x_gpio.c ****   */
 283:../stdperiph/source/stm32f37x_gpio.c **** 
 284:../stdperiph/source/stm32f37x_gpio.c **** /**
 285:../stdperiph/source/stm32f37x_gpio.c ****   * @brief  Reads the specified input port pin.
 286:../stdperiph/source/stm32f37x_gpio.c ****   * @param  GPIOx: where x can be (A, B, C, D, E or F) to select the GPIO peripheral.
 287:../stdperiph/source/stm32f37x_gpio.c ****   * @param  GPIO_Pin: specifies the port bit to read.
 288:../stdperiph/source/stm32f37x_gpio.c ****   * @note   This parameter can be GPIO_Pin_x where x can be:
 289:../stdperiph/source/stm32f37x_gpio.c ****   *         (0..15) for GPIOA, GPIOC, GPIOD or GPIOE;
 290:../stdperiph/source/stm32f37x_gpio.c ****   *         (0..10 & 14..15) for GPIOB;
 291:../stdperiph/source/stm32f37x_gpio.c ****   *         (0..2, 4, 6, 9..10) for GPIOF.
 292:../stdperiph/source/stm32f37x_gpio.c ****   * @retval The input port pin value.
 293:../stdperiph/source/stm32f37x_gpio.c ****   */
 294:../stdperiph/source/stm32f37x_gpio.c **** uint8_t GPIO_ReadInputDataBit(GPIO_TypeDef* GPIOx, uint16_t GPIO_Pin)
 295:../stdperiph/source/stm32f37x_gpio.c **** {
 365              		.loc 1 295 0
 366              		.cfi_startproc
 367              		@ args = 0, pretend = 0, frame = 0
 368              		@ frame_needed = 0, uses_anonymous_args = 0
 369              		@ link register save eliminated.
 370              	.LVL37:
 296:../stdperiph/source/stm32f37x_gpio.c ****   uint8_t bitstatus = 0x00;
 297:../stdperiph/source/stm32f37x_gpio.c **** 
 298:../stdperiph/source/stm32f37x_gpio.c ****   /* Check the parameters */
 299:../stdperiph/source/stm32f37x_gpio.c ****   assert_param(IS_GPIO_ALL_PERIPH(GPIOx));
 300:../stdperiph/source/stm32f37x_gpio.c ****   assert_param(IS_GET_GPIO_PIN(GPIO_Pin));
 301:../stdperiph/source/stm32f37x_gpio.c **** 
 302:../stdperiph/source/stm32f37x_gpio.c ****   if ((GPIOx->IDR & GPIO_Pin) != (uint32_t)Bit_RESET)
 371              		.loc 1 302 0
 372 0000 038A     		ldrh	r3, [r0, #16]
 373 0002 1942     		tst	r1, r3
 374 0004 01D0     		beq	.L22
 303:../stdperiph/source/stm32f37x_gpio.c ****   {
 304:../stdperiph/source/stm32f37x_gpio.c ****     bitstatus = (uint8_t)Bit_SET;
 375              		.loc 1 304 0
 376 0006 0120     		movs	r0, #1
 377              	.LVL38:
 378 0008 7047     		bx	lr
 379              	.LVL39:
 380              	.L22:
 305:../stdperiph/source/stm32f37x_gpio.c ****   }
 306:../stdperiph/source/stm32f37x_gpio.c ****   else
 307:../stdperiph/source/stm32f37x_gpio.c ****   {
 308:../stdperiph/source/stm32f37x_gpio.c ****     bitstatus = (uint8_t)Bit_RESET;
 381              		.loc 1 308 0
 382 000a 0020     		movs	r0, #0
 383              	.LVL40:
ARM GAS  C:\Users\strag\AppData\Local\Temp\ccz7Pxzg.s 			page 13


 309:../stdperiph/source/stm32f37x_gpio.c ****   }
 310:../stdperiph/source/stm32f37x_gpio.c ****   return bitstatus;
 311:../stdperiph/source/stm32f37x_gpio.c **** }
 384              		.loc 1 311 0
 385 000c 7047     		bx	lr
 386              		.cfi_endproc
 387              	.LFE115:
 389 000e 00BF     		.section	.text.GPIO_ReadInputData,"ax",%progbits
 390              		.align	2
 391              		.global	GPIO_ReadInputData
 392              		.thumb
 393              		.thumb_func
 395              	GPIO_ReadInputData:
 396              	.LFB116:
 312:../stdperiph/source/stm32f37x_gpio.c **** 
 313:../stdperiph/source/stm32f37x_gpio.c **** /**
 314:../stdperiph/source/stm32f37x_gpio.c ****   * @brief  Reads the specified input port pin.
 315:../stdperiph/source/stm32f37x_gpio.c ****   * @param  GPIOx: where x can be (A, B, C, D, E or F) to select the GPIO peripheral.
 316:../stdperiph/source/stm32f37x_gpio.c ****   * @retval The input port pin value.
 317:../stdperiph/source/stm32f37x_gpio.c ****   */
 318:../stdperiph/source/stm32f37x_gpio.c **** uint16_t GPIO_ReadInputData(GPIO_TypeDef* GPIOx)
 319:../stdperiph/source/stm32f37x_gpio.c **** {
 397              		.loc 1 319 0
 398              		.cfi_startproc
 399              		@ args = 0, pretend = 0, frame = 0
 400              		@ frame_needed = 0, uses_anonymous_args = 0
 401              		@ link register save eliminated.
 402              	.LVL41:
 320:../stdperiph/source/stm32f37x_gpio.c ****   /* Check the parameters */
 321:../stdperiph/source/stm32f37x_gpio.c ****   assert_param(IS_GPIO_ALL_PERIPH(GPIOx));
 322:../stdperiph/source/stm32f37x_gpio.c **** 
 323:../stdperiph/source/stm32f37x_gpio.c ****   return ((uint16_t)GPIOx->IDR);
 403              		.loc 1 323 0
 404 0000 008A     		ldrh	r0, [r0, #16]
 405              	.LVL42:
 324:../stdperiph/source/stm32f37x_gpio.c **** }
 406              		.loc 1 324 0
 407 0002 80B2     		uxth	r0, r0
 408 0004 7047     		bx	lr
 409              		.cfi_endproc
 410              	.LFE116:
 412 0006 00BF     		.section	.text.GPIO_ReadOutputDataBit,"ax",%progbits
 413              		.align	2
 414              		.global	GPIO_ReadOutputDataBit
 415              		.thumb
 416              		.thumb_func
 418              	GPIO_ReadOutputDataBit:
 419              	.LFB117:
 325:../stdperiph/source/stm32f37x_gpio.c **** 
 326:../stdperiph/source/stm32f37x_gpio.c **** /**
 327:../stdperiph/source/stm32f37x_gpio.c ****   * @brief  Reads the specified output data port bit.
 328:../stdperiph/source/stm32f37x_gpio.c ****   * @param  GPIOx: where x can be (A, B, C, D, E or F) to select the GPIO peripheral.
 329:../stdperiph/source/stm32f37x_gpio.c ****   * @param  GPIO_Pin: Specifies the port bit to read.
 330:../stdperiph/source/stm32f37x_gpio.c ****   * @note   This parameter can be GPIO_Pin_x where x can be:
 331:../stdperiph/source/stm32f37x_gpio.c ****   *         (0..15) for GPIOA, GPIOC, GPIOD or GPIOE;
 332:../stdperiph/source/stm32f37x_gpio.c ****   *         (0..10 & 14..15) for GPIOB;
 333:../stdperiph/source/stm32f37x_gpio.c ****   *         (0..2, 4, 6, 9..10) for GPIOF.
ARM GAS  C:\Users\strag\AppData\Local\Temp\ccz7Pxzg.s 			page 14


 334:../stdperiph/source/stm32f37x_gpio.c ****   * @retval The output port pin value.
 335:../stdperiph/source/stm32f37x_gpio.c ****   */
 336:../stdperiph/source/stm32f37x_gpio.c **** uint8_t GPIO_ReadOutputDataBit(GPIO_TypeDef* GPIOx, uint16_t GPIO_Pin)
 337:../stdperiph/source/stm32f37x_gpio.c **** {
 420              		.loc 1 337 0
 421              		.cfi_startproc
 422              		@ args = 0, pretend = 0, frame = 0
 423              		@ frame_needed = 0, uses_anonymous_args = 0
 424              		@ link register save eliminated.
 425              	.LVL43:
 338:../stdperiph/source/stm32f37x_gpio.c ****   uint8_t bitstatus = 0x00;
 339:../stdperiph/source/stm32f37x_gpio.c **** 
 340:../stdperiph/source/stm32f37x_gpio.c ****   /* Check the parameters */
 341:../stdperiph/source/stm32f37x_gpio.c ****   assert_param(IS_GPIO_ALL_PERIPH(GPIOx));
 342:../stdperiph/source/stm32f37x_gpio.c ****   assert_param(IS_GET_GPIO_PIN(GPIO_Pin));
 343:../stdperiph/source/stm32f37x_gpio.c **** 
 344:../stdperiph/source/stm32f37x_gpio.c ****   if ((GPIOx->ODR & GPIO_Pin) != (uint32_t)Bit_RESET)
 426              		.loc 1 344 0
 427 0000 838A     		ldrh	r3, [r0, #20]
 428 0002 1942     		tst	r1, r3
 429 0004 01D0     		beq	.L26
 345:../stdperiph/source/stm32f37x_gpio.c ****   {
 346:../stdperiph/source/stm32f37x_gpio.c ****     bitstatus = (uint8_t)Bit_SET;
 430              		.loc 1 346 0
 431 0006 0120     		movs	r0, #1
 432              	.LVL44:
 433 0008 7047     		bx	lr
 434              	.LVL45:
 435              	.L26:
 347:../stdperiph/source/stm32f37x_gpio.c ****   }
 348:../stdperiph/source/stm32f37x_gpio.c ****   else
 349:../stdperiph/source/stm32f37x_gpio.c ****   {
 350:../stdperiph/source/stm32f37x_gpio.c ****     bitstatus = (uint8_t)Bit_RESET;
 436              		.loc 1 350 0
 437 000a 0020     		movs	r0, #0
 438              	.LVL46:
 351:../stdperiph/source/stm32f37x_gpio.c ****   }
 352:../stdperiph/source/stm32f37x_gpio.c ****   return bitstatus;
 353:../stdperiph/source/stm32f37x_gpio.c **** }
 439              		.loc 1 353 0
 440 000c 7047     		bx	lr
 441              		.cfi_endproc
 442              	.LFE117:
 444 000e 00BF     		.section	.text.GPIO_ReadOutputData,"ax",%progbits
 445              		.align	2
 446              		.global	GPIO_ReadOutputData
 447              		.thumb
 448              		.thumb_func
 450              	GPIO_ReadOutputData:
 451              	.LFB118:
 354:../stdperiph/source/stm32f37x_gpio.c **** 
 355:../stdperiph/source/stm32f37x_gpio.c **** /**
 356:../stdperiph/source/stm32f37x_gpio.c ****   * @brief  Reads the specified GPIO output data port.
 357:../stdperiph/source/stm32f37x_gpio.c ****   * @param  GPIOx: where x can be (A, B, C, D, E or F) to select the GPIO peripheral.
 358:../stdperiph/source/stm32f37x_gpio.c ****   * @retval GPIO output data port value.
 359:../stdperiph/source/stm32f37x_gpio.c ****   */
 360:../stdperiph/source/stm32f37x_gpio.c **** uint16_t GPIO_ReadOutputData(GPIO_TypeDef* GPIOx)
ARM GAS  C:\Users\strag\AppData\Local\Temp\ccz7Pxzg.s 			page 15


 361:../stdperiph/source/stm32f37x_gpio.c **** {
 452              		.loc 1 361 0
 453              		.cfi_startproc
 454              		@ args = 0, pretend = 0, frame = 0
 455              		@ frame_needed = 0, uses_anonymous_args = 0
 456              		@ link register save eliminated.
 457              	.LVL47:
 362:../stdperiph/source/stm32f37x_gpio.c ****   /* Check the parameters */
 363:../stdperiph/source/stm32f37x_gpio.c ****   assert_param(IS_GPIO_ALL_PERIPH(GPIOx));
 364:../stdperiph/source/stm32f37x_gpio.c **** 
 365:../stdperiph/source/stm32f37x_gpio.c ****   return ((uint16_t)GPIOx->ODR);
 458              		.loc 1 365 0
 459 0000 808A     		ldrh	r0, [r0, #20]
 460              	.LVL48:
 366:../stdperiph/source/stm32f37x_gpio.c **** }
 461              		.loc 1 366 0
 462 0002 80B2     		uxth	r0, r0
 463 0004 7047     		bx	lr
 464              		.cfi_endproc
 465              	.LFE118:
 467 0006 00BF     		.section	.text.GPIO_SetBits,"ax",%progbits
 468              		.align	2
 469              		.global	GPIO_SetBits
 470              		.thumb
 471              		.thumb_func
 473              	GPIO_SetBits:
 474              	.LFB119:
 367:../stdperiph/source/stm32f37x_gpio.c **** 
 368:../stdperiph/source/stm32f37x_gpio.c **** /**
 369:../stdperiph/source/stm32f37x_gpio.c ****   * @brief  Sets the selected data port bits.
 370:../stdperiph/source/stm32f37x_gpio.c ****   * @param  GPIOx: where x can be (A, B, C, D, E or F) to select the GPIO peripheral.
 371:../stdperiph/source/stm32f37x_gpio.c ****   * @param  GPIO_Pin: specifies the port bits to be written.
 372:../stdperiph/source/stm32f37x_gpio.c ****   * @note   This parameter can be GPIO_Pin_x where x can be:
 373:../stdperiph/source/stm32f37x_gpio.c ****   *         (0..15) for GPIOA, GPIOC, GPIOD or GPIOE;
 374:../stdperiph/source/stm32f37x_gpio.c ****   *         (0..10 & 14..15) for GPIOB;
 375:../stdperiph/source/stm32f37x_gpio.c ****   *         (0..2, 4, 6, 9..10) for GPIOF.
 376:../stdperiph/source/stm32f37x_gpio.c ****   * @retval None
 377:../stdperiph/source/stm32f37x_gpio.c ****   */
 378:../stdperiph/source/stm32f37x_gpio.c **** void GPIO_SetBits(GPIO_TypeDef* GPIOx, uint16_t GPIO_Pin)
 379:../stdperiph/source/stm32f37x_gpio.c **** {
 475              		.loc 1 379 0
 476              		.cfi_startproc
 477              		@ args = 0, pretend = 0, frame = 0
 478              		@ frame_needed = 0, uses_anonymous_args = 0
 479              		@ link register save eliminated.
 480              	.LVL49:
 380:../stdperiph/source/stm32f37x_gpio.c ****   /* Check the parameters */
 381:../stdperiph/source/stm32f37x_gpio.c ****   assert_param(IS_GPIO_ALL_PERIPH(GPIOx));
 382:../stdperiph/source/stm32f37x_gpio.c ****   assert_param(IS_GPIO_PIN(GPIO_Pin));
 383:../stdperiph/source/stm32f37x_gpio.c **** 
 384:../stdperiph/source/stm32f37x_gpio.c ****   GPIOx->BSRR = GPIO_Pin;
 481              		.loc 1 384 0
 482 0000 8161     		str	r1, [r0, #24]
 483 0002 7047     		bx	lr
 484              		.cfi_endproc
 485              	.LFE119:
 487              		.section	.text.GPIO_ResetBits,"ax",%progbits
ARM GAS  C:\Users\strag\AppData\Local\Temp\ccz7Pxzg.s 			page 16


 488              		.align	2
 489              		.global	GPIO_ResetBits
 490              		.thumb
 491              		.thumb_func
 493              	GPIO_ResetBits:
 494              	.LFB120:
 385:../stdperiph/source/stm32f37x_gpio.c **** }
 386:../stdperiph/source/stm32f37x_gpio.c **** 
 387:../stdperiph/source/stm32f37x_gpio.c **** /**
 388:../stdperiph/source/stm32f37x_gpio.c ****   * @brief  Clears the selected data port bits.
 389:../stdperiph/source/stm32f37x_gpio.c ****   * @param  GPIOx: where x can be (A, B, C, D, E or F) to select the GPIO peripheral.
 390:../stdperiph/source/stm32f37x_gpio.c ****   * @param  GPIO_Pin: specifies the port bits to be written.
 391:../stdperiph/source/stm32f37x_gpio.c ****   * @note   This parameter can be GPIO_Pin_x where x can be:
 392:../stdperiph/source/stm32f37x_gpio.c ****   *         (0..15) for GPIOA, GPIOC, GPIOD or GPIOE;
 393:../stdperiph/source/stm32f37x_gpio.c ****   *         (0..10 & 14..15) for GPIOB;
 394:../stdperiph/source/stm32f37x_gpio.c ****   *         (0..2, 4, 6, 9..10) for GPIOF.
 395:../stdperiph/source/stm32f37x_gpio.c ****   * @retval None
 396:../stdperiph/source/stm32f37x_gpio.c ****   */
 397:../stdperiph/source/stm32f37x_gpio.c **** void GPIO_ResetBits(GPIO_TypeDef* GPIOx, uint16_t GPIO_Pin)
 398:../stdperiph/source/stm32f37x_gpio.c **** {
 495              		.loc 1 398 0
 496              		.cfi_startproc
 497              		@ args = 0, pretend = 0, frame = 0
 498              		@ frame_needed = 0, uses_anonymous_args = 0
 499              		@ link register save eliminated.
 500              	.LVL50:
 399:../stdperiph/source/stm32f37x_gpio.c ****   /* Check the parameters */
 400:../stdperiph/source/stm32f37x_gpio.c ****   assert_param(IS_GPIO_ALL_PERIPH(GPIOx));
 401:../stdperiph/source/stm32f37x_gpio.c ****   assert_param(IS_GPIO_PIN(GPIO_Pin));
 402:../stdperiph/source/stm32f37x_gpio.c **** 
 403:../stdperiph/source/stm32f37x_gpio.c ****   GPIOx->BRR = GPIO_Pin;
 501              		.loc 1 403 0
 502 0000 0185     		strh	r1, [r0, #40]	@ movhi
 503 0002 7047     		bx	lr
 504              		.cfi_endproc
 505              	.LFE120:
 507              		.section	.text.GPIO_WriteBit,"ax",%progbits
 508              		.align	2
 509              		.global	GPIO_WriteBit
 510              		.thumb
 511              		.thumb_func
 513              	GPIO_WriteBit:
 514              	.LFB121:
 404:../stdperiph/source/stm32f37x_gpio.c **** }
 405:../stdperiph/source/stm32f37x_gpio.c **** 
 406:../stdperiph/source/stm32f37x_gpio.c **** /**
 407:../stdperiph/source/stm32f37x_gpio.c ****   * @brief  Sets or clears the selected data port bit.
 408:../stdperiph/source/stm32f37x_gpio.c ****   * @param  GPIOx: where x can be (A, B, C, D, E or F) to select the GPIO peripheral.
 409:../stdperiph/source/stm32f37x_gpio.c ****   * @param  GPIO_Pin: specifies the port bit to be written.
 410:../stdperiph/source/stm32f37x_gpio.c ****   * @note   This parameter can be GPIO_Pin_x where x can be:
 411:../stdperiph/source/stm32f37x_gpio.c ****   *         (0..15) for GPIOA, GPIOC, GPIOD or GPIOE;
 412:../stdperiph/source/stm32f37x_gpio.c ****   *         (0..10 & 14..15) for GPIOB;
 413:../stdperiph/source/stm32f37x_gpio.c ****   *         (0..2, 4, 6, 9..10) for GPIOF.
 414:../stdperiph/source/stm32f37x_gpio.c ****   * @param  BitVal: specifies the value to be written to the selected bit.
 415:../stdperiph/source/stm32f37x_gpio.c ****   *          This parameter can be one of the BitAction enumeration values:
 416:../stdperiph/source/stm32f37x_gpio.c ****   *            @arg Bit_RESET: to clear the port pin
 417:../stdperiph/source/stm32f37x_gpio.c ****   *            @arg Bit_SET: to set the port pin
ARM GAS  C:\Users\strag\AppData\Local\Temp\ccz7Pxzg.s 			page 17


 418:../stdperiph/source/stm32f37x_gpio.c ****   * @retval None
 419:../stdperiph/source/stm32f37x_gpio.c ****   */
 420:../stdperiph/source/stm32f37x_gpio.c **** void GPIO_WriteBit(GPIO_TypeDef* GPIOx, uint16_t GPIO_Pin, BitAction BitVal)
 421:../stdperiph/source/stm32f37x_gpio.c **** {
 515              		.loc 1 421 0
 516              		.cfi_startproc
 517              		@ args = 0, pretend = 0, frame = 0
 518              		@ frame_needed = 0, uses_anonymous_args = 0
 519              		@ link register save eliminated.
 520              	.LVL51:
 422:../stdperiph/source/stm32f37x_gpio.c ****   /* Check the parameters */
 423:../stdperiph/source/stm32f37x_gpio.c ****   assert_param(IS_GPIO_ALL_PERIPH(GPIOx));
 424:../stdperiph/source/stm32f37x_gpio.c ****   assert_param(IS_GET_GPIO_PIN(GPIO_Pin));
 425:../stdperiph/source/stm32f37x_gpio.c ****   assert_param(IS_GPIO_BIT_ACTION(BitVal));
 426:../stdperiph/source/stm32f37x_gpio.c **** 
 427:../stdperiph/source/stm32f37x_gpio.c ****   if (BitVal != Bit_RESET)
 521              		.loc 1 427 0
 522 0000 0AB1     		cbz	r2, .L31
 428:../stdperiph/source/stm32f37x_gpio.c ****   {
 429:../stdperiph/source/stm32f37x_gpio.c ****     GPIOx->BSRR = GPIO_Pin;
 523              		.loc 1 429 0
 524 0002 8161     		str	r1, [r0, #24]
 525 0004 7047     		bx	lr
 526              	.L31:
 430:../stdperiph/source/stm32f37x_gpio.c ****   }
 431:../stdperiph/source/stm32f37x_gpio.c ****   else
 432:../stdperiph/source/stm32f37x_gpio.c ****   {
 433:../stdperiph/source/stm32f37x_gpio.c ****     GPIOx->BRR = GPIO_Pin ;
 527              		.loc 1 433 0
 528 0006 0185     		strh	r1, [r0, #40]	@ movhi
 529 0008 7047     		bx	lr
 530              		.cfi_endproc
 531              	.LFE121:
 533 000a 00BF     		.section	.text.GPIO_Write,"ax",%progbits
 534              		.align	2
 535              		.global	GPIO_Write
 536              		.thumb
 537              		.thumb_func
 539              	GPIO_Write:
 540              	.LFB122:
 434:../stdperiph/source/stm32f37x_gpio.c ****   }
 435:../stdperiph/source/stm32f37x_gpio.c **** }
 436:../stdperiph/source/stm32f37x_gpio.c **** 
 437:../stdperiph/source/stm32f37x_gpio.c **** /**
 438:../stdperiph/source/stm32f37x_gpio.c ****   * @brief  Writes data to the specified GPIO data port.
 439:../stdperiph/source/stm32f37x_gpio.c ****   * @param  GPIOx: where x can be (A, B, C, D, E or F) to select the GPIO peripheral.
 440:../stdperiph/source/stm32f37x_gpio.c ****   * @param  PortVal: specifies the value to be written to the port output data 
 441:../stdperiph/source/stm32f37x_gpio.c ****   *                  register.
 442:../stdperiph/source/stm32f37x_gpio.c ****   * @retval None
 443:../stdperiph/source/stm32f37x_gpio.c ****   */
 444:../stdperiph/source/stm32f37x_gpio.c **** void GPIO_Write(GPIO_TypeDef* GPIOx, uint16_t PortVal)
 445:../stdperiph/source/stm32f37x_gpio.c **** {
 541              		.loc 1 445 0
 542              		.cfi_startproc
 543              		@ args = 0, pretend = 0, frame = 0
 544              		@ frame_needed = 0, uses_anonymous_args = 0
 545              		@ link register save eliminated.
ARM GAS  C:\Users\strag\AppData\Local\Temp\ccz7Pxzg.s 			page 18


 546              	.LVL52:
 446:../stdperiph/source/stm32f37x_gpio.c ****   /* Check the parameters */
 447:../stdperiph/source/stm32f37x_gpio.c ****   assert_param(IS_GPIO_ALL_PERIPH(GPIOx));
 448:../stdperiph/source/stm32f37x_gpio.c **** 
 449:../stdperiph/source/stm32f37x_gpio.c ****   GPIOx->ODR = PortVal;
 547              		.loc 1 449 0
 548 0000 8182     		strh	r1, [r0, #20]	@ movhi
 549 0002 7047     		bx	lr
 550              		.cfi_endproc
 551              	.LFE122:
 553              		.section	.text.GPIO_PinAFConfig,"ax",%progbits
 554              		.align	2
 555              		.global	GPIO_PinAFConfig
 556              		.thumb
 557              		.thumb_func
 559              	GPIO_PinAFConfig:
 560              	.LFB123:
 450:../stdperiph/source/stm32f37x_gpio.c **** }
 451:../stdperiph/source/stm32f37x_gpio.c **** 
 452:../stdperiph/source/stm32f37x_gpio.c **** /**
 453:../stdperiph/source/stm32f37x_gpio.c ****   * @}
 454:../stdperiph/source/stm32f37x_gpio.c ****   */
 455:../stdperiph/source/stm32f37x_gpio.c **** 
 456:../stdperiph/source/stm32f37x_gpio.c **** /** @defgroup GPIO_Group3 GPIO Alternate functions configuration functions
 457:../stdperiph/source/stm32f37x_gpio.c ****  *  @brief   GPIO Alternate functions configuration functions
 458:../stdperiph/source/stm32f37x_gpio.c ****  *
 459:../stdperiph/source/stm32f37x_gpio.c **** @verbatim   
 460:../stdperiph/source/stm32f37x_gpio.c ****  ===============================================================================
 461:../stdperiph/source/stm32f37x_gpio.c ****           ##### GPIO Alternate functions configuration functions #####
 462:../stdperiph/source/stm32f37x_gpio.c ****  ===============================================================================  
 463:../stdperiph/source/stm32f37x_gpio.c **** 
 464:../stdperiph/source/stm32f37x_gpio.c **** @endverbatim
 465:../stdperiph/source/stm32f37x_gpio.c ****   * @{
 466:../stdperiph/source/stm32f37x_gpio.c ****   */
 467:../stdperiph/source/stm32f37x_gpio.c **** 
 468:../stdperiph/source/stm32f37x_gpio.c **** /**
 469:../stdperiph/source/stm32f37x_gpio.c ****   * @brief  Writes data to the specified GPIO data port.
 470:../stdperiph/source/stm32f37x_gpio.c ****   * @param  GPIOx: where x can be (A, B, C, D, E or F) to select the GPIO peripheral.
 471:../stdperiph/source/stm32f37x_gpio.c ****   * @param  GPIO_PinSource: specifies the pin for the Alternate function.
 472:../stdperiph/source/stm32f37x_gpio.c ****   *          This parameter can be GPIO_PinSourcex where x can be (0..15).
 473:../stdperiph/source/stm32f37x_gpio.c ****   * @param  GPIO_AF: selects the pin to be used as Alternate function.  
 474:../stdperiph/source/stm32f37x_gpio.c ****   *          This parameter can be one of the following value:
 475:../stdperiph/source/stm32f37x_gpio.c ****   *            @arg GPIO_AF_0: MCO, JTMS-SWDAT, JTCK-SWCLK, JTDI,JTDO, JTRST, TRACECLK, TRACED, TRA
 476:../stdperiph/source/stm32f37x_gpio.c ****   *            @arg GPIO_AF_1: TIM2, TIM15, TIM16, TIM17, OUT.
 477:../stdperiph/source/stm32f37x_gpio.c ****   *            @arg GPIO_AF_2: TIM3, TIM4, TIM5, TIM13, TIM14, TIM19.
 478:../stdperiph/source/stm32f37x_gpio.c ****   *            @arg GPIO_AF_3: Touch Sence.
 479:../stdperiph/source/stm32f37x_gpio.c ****   *            @arg GPIO_AF_4: I2C1, I2C2.
 480:../stdperiph/source/stm32f37x_gpio.c ****   *            @arg GPIO_AF_5: SPI1, SPI2, IR_OUT.
 481:../stdperiph/source/stm32f37x_gpio.c ****   *            @arg GPIO_AF_6: SPI1, SPI3, CEC, IR_OUT.
 482:../stdperiph/source/stm32f37x_gpio.c ****   *            @arg GPIO_AF_7: USART1, USART2, USART3, CAN, CEC.
 483:../stdperiph/source/stm32f37x_gpio.c ****   *            @arg GPIO_AF_8: COMP1_OUT, COMP2_OUT.
 484:../stdperiph/source/stm32f37x_gpio.c ****   *            @arg GPIO_AF_9: CAN, TIM12, TIM13, TIM14, TIM15.
 485:../stdperiph/source/stm32f37x_gpio.c ****   *            @arg GPIO_AF_10: TIM2, TIM3, TIM4, TIM12, TIM17.
 486:../stdperiph/source/stm32f37x_gpio.c ****   *            @arg GPIO_AF_11: TIM19.
 487:../stdperiph/source/stm32f37x_gpio.c ****   *            @arg GPIO_AF_14: USBDM, USBDP.
 488:../stdperiph/source/stm32f37x_gpio.c ****   *            @arg GPIO_AF_15: OUT.
 489:../stdperiph/source/stm32f37x_gpio.c ****   * @note   The pin should already been configured in Alternate Function mode(AF)
ARM GAS  C:\Users\strag\AppData\Local\Temp\ccz7Pxzg.s 			page 19


 490:../stdperiph/source/stm32f37x_gpio.c ****   *         using GPIO_InitStruct->GPIO_Mode = GPIO_Mode_AF
 491:../stdperiph/source/stm32f37x_gpio.c ****   * @note   Refer to the Alternate function mapping table in the device datasheet 
 492:../stdperiph/source/stm32f37x_gpio.c ****   *         for the detailed mapping of the system and peripherals'alternate 
 493:../stdperiph/source/stm32f37x_gpio.c ****   *         function I/O pins.
 494:../stdperiph/source/stm32f37x_gpio.c ****   * @retval None
 495:../stdperiph/source/stm32f37x_gpio.c ****   */
 496:../stdperiph/source/stm32f37x_gpio.c **** void GPIO_PinAFConfig(GPIO_TypeDef* GPIOx, uint16_t GPIO_PinSource, uint8_t GPIO_AF)
 497:../stdperiph/source/stm32f37x_gpio.c **** {
 561              		.loc 1 497 0
 562              		.cfi_startproc
 563              		@ args = 0, pretend = 0, frame = 0
 564              		@ frame_needed = 0, uses_anonymous_args = 0
 565              		@ link register save eliminated.
 566              	.LVL53:
 567 0000 30B4     		push	{r4, r5}
 568              	.LCFI5:
 569              		.cfi_def_cfa_offset 8
 570              		.cfi_offset 4, -8
 571              		.cfi_offset 5, -4
 572              	.LVL54:
 498:../stdperiph/source/stm32f37x_gpio.c ****   uint32_t temp = 0x00;
 499:../stdperiph/source/stm32f37x_gpio.c ****   uint32_t temp_2 = 0x00;
 500:../stdperiph/source/stm32f37x_gpio.c **** 
 501:../stdperiph/source/stm32f37x_gpio.c ****   /* Check the parameters */
 502:../stdperiph/source/stm32f37x_gpio.c ****   assert_param(IS_GPIO_ALL_PERIPH(GPIOx));
 503:../stdperiph/source/stm32f37x_gpio.c ****   assert_param(IS_GPIO_PIN_SOURCE(GPIO_PinSource));
 504:../stdperiph/source/stm32f37x_gpio.c ****   assert_param(IS_GPIO_AF(GPIO_AF));
 505:../stdperiph/source/stm32f37x_gpio.c **** 
 506:../stdperiph/source/stm32f37x_gpio.c ****   temp = ((uint32_t)(GPIO_AF) << ((uint32_t)((uint32_t)GPIO_PinSource & (uint32_t)0x07) * 4));
 573              		.loc 1 506 0
 574 0002 01F00703 		and	r3, r1, #7
 575 0006 9B00     		lsls	r3, r3, #2
 576 0008 9A40     		lsls	r2, r2, r3
 577              	.LVL55:
 507:../stdperiph/source/stm32f37x_gpio.c ****   GPIOx->AFR[GPIO_PinSource >> 0x03] &= ~((uint32_t)0xF << ((uint32_t)((uint32_t)GPIO_PinSource & (
 578              		.loc 1 507 0
 579 000a C908     		lsrs	r1, r1, #3
 580              	.LVL56:
 581 000c 0831     		adds	r1, r1, #8
 582 000e 50F82140 		ldr	r4, [r0, r1, lsl #2]
 583 0012 0F25     		movs	r5, #15
 584 0014 05FA03F3 		lsl	r3, r5, r3
 585 0018 24EA0303 		bic	r3, r4, r3
 586 001c 40F82130 		str	r3, [r0, r1, lsl #2]
 508:../stdperiph/source/stm32f37x_gpio.c ****   temp_2 = GPIOx->AFR[GPIO_PinSource >> 0x03] | temp;
 587              		.loc 1 508 0
 588 0020 50F82130 		ldr	r3, [r0, r1, lsl #2]
 589 0024 1A43     		orrs	r2, r2, r3
 590              	.LVL57:
 509:../stdperiph/source/stm32f37x_gpio.c ****   GPIOx->AFR[GPIO_PinSource >> 0x03] = temp_2;
 591              		.loc 1 509 0
 592 0026 40F82120 		str	r2, [r0, r1, lsl #2]
 510:../stdperiph/source/stm32f37x_gpio.c **** }
 593              		.loc 1 510 0
 594 002a 30BC     		pop	{r4, r5}
 595              	.LCFI6:
 596              		.cfi_restore 5
ARM GAS  C:\Users\strag\AppData\Local\Temp\ccz7Pxzg.s 			page 20


 597              		.cfi_restore 4
 598              		.cfi_def_cfa_offset 0
 599 002c 7047     		bx	lr
 600              		.cfi_endproc
 601              	.LFE123:
 603 002e 00BF     		.text
 604              	.Letext0:
 605              		.file 2 "d:\\gcc-arm-none-eabi-5_4-2016q3-20160926-win32\\arm-none-eabi\\include\\machine\\_defaul
 606              		.file 3 "d:\\gcc-arm-none-eabi-5_4-2016q3-20160926-win32\\arm-none-eabi\\include\\sys\\_stdint.h"
 607              		.file 4 "../cmsis/include/stm32f37x.h"
 608              		.file 5 "../stdperiph/include/stm32f37x_gpio.h"
 609              		.file 6 "../cmsis/include/core_cm4.h"
 610              		.file 7 "../stdperiph/include/stm32f37x_rcc.h"
ARM GAS  C:\Users\strag\AppData\Local\Temp\ccz7Pxzg.s 			page 21


DEFINED SYMBOLS
                            *ABS*:00000000 stm32f37x_gpio.c
C:\Users\strag\AppData\Local\Temp\ccz7Pxzg.s:22     .text.GPIO_DeInit:00000000 $t
C:\Users\strag\AppData\Local\Temp\ccz7Pxzg.s:27     .text.GPIO_DeInit:00000000 GPIO_DeInit
C:\Users\strag\AppData\Local\Temp\ccz7Pxzg.s:149    .text.GPIO_DeInit:000000ac $d
C:\Users\strag\AppData\Local\Temp\ccz7Pxzg.s:158    .text.GPIO_Init:00000000 $t
C:\Users\strag\AppData\Local\Temp\ccz7Pxzg.s:163    .text.GPIO_Init:00000000 GPIO_Init
C:\Users\strag\AppData\Local\Temp\ccz7Pxzg.s:280    .text.GPIO_StructInit:00000000 $t
C:\Users\strag\AppData\Local\Temp\ccz7Pxzg.s:285    .text.GPIO_StructInit:00000000 GPIO_StructInit
C:\Users\strag\AppData\Local\Temp\ccz7Pxzg.s:311    .text.GPIO_PinLockConfig:00000000 $t
C:\Users\strag\AppData\Local\Temp\ccz7Pxzg.s:316    .text.GPIO_PinLockConfig:00000000 GPIO_PinLockConfig
C:\Users\strag\AppData\Local\Temp\ccz7Pxzg.s:358    .text.GPIO_ReadInputDataBit:00000000 $t
C:\Users\strag\AppData\Local\Temp\ccz7Pxzg.s:363    .text.GPIO_ReadInputDataBit:00000000 GPIO_ReadInputDataBit
C:\Users\strag\AppData\Local\Temp\ccz7Pxzg.s:390    .text.GPIO_ReadInputData:00000000 $t
C:\Users\strag\AppData\Local\Temp\ccz7Pxzg.s:395    .text.GPIO_ReadInputData:00000000 GPIO_ReadInputData
C:\Users\strag\AppData\Local\Temp\ccz7Pxzg.s:413    .text.GPIO_ReadOutputDataBit:00000000 $t
C:\Users\strag\AppData\Local\Temp\ccz7Pxzg.s:418    .text.GPIO_ReadOutputDataBit:00000000 GPIO_ReadOutputDataBit
C:\Users\strag\AppData\Local\Temp\ccz7Pxzg.s:445    .text.GPIO_ReadOutputData:00000000 $t
C:\Users\strag\AppData\Local\Temp\ccz7Pxzg.s:450    .text.GPIO_ReadOutputData:00000000 GPIO_ReadOutputData
C:\Users\strag\AppData\Local\Temp\ccz7Pxzg.s:468    .text.GPIO_SetBits:00000000 $t
C:\Users\strag\AppData\Local\Temp\ccz7Pxzg.s:473    .text.GPIO_SetBits:00000000 GPIO_SetBits
C:\Users\strag\AppData\Local\Temp\ccz7Pxzg.s:488    .text.GPIO_ResetBits:00000000 $t
C:\Users\strag\AppData\Local\Temp\ccz7Pxzg.s:493    .text.GPIO_ResetBits:00000000 GPIO_ResetBits
C:\Users\strag\AppData\Local\Temp\ccz7Pxzg.s:508    .text.GPIO_WriteBit:00000000 $t
C:\Users\strag\AppData\Local\Temp\ccz7Pxzg.s:513    .text.GPIO_WriteBit:00000000 GPIO_WriteBit
C:\Users\strag\AppData\Local\Temp\ccz7Pxzg.s:534    .text.GPIO_Write:00000000 $t
C:\Users\strag\AppData\Local\Temp\ccz7Pxzg.s:539    .text.GPIO_Write:00000000 GPIO_Write
C:\Users\strag\AppData\Local\Temp\ccz7Pxzg.s:554    .text.GPIO_PinAFConfig:00000000 $t
C:\Users\strag\AppData\Local\Temp\ccz7Pxzg.s:559    .text.GPIO_PinAFConfig:00000000 GPIO_PinAFConfig
                     .debug_frame:00000010 $d

UNDEFINED SYMBOLS
RCC_AHBPeriphResetCmd
