ARM GAS  C:\Users\strag\AppData\Local\Temp\ccogIXba.s 			page 1


   1              		.syntax unified
   2              		.cpu cortex-m4
   3              		.eabi_attribute 27, 1
   4              		.eabi_attribute 28, 1
   5              		.fpu fpv4-sp-d16
   6              		.eabi_attribute 20, 1
   7              		.eabi_attribute 21, 1
   8              		.eabi_attribute 23, 3
   9              		.eabi_attribute 24, 1
  10              		.eabi_attribute 25, 1
  11              		.eabi_attribute 26, 1
  12              		.eabi_attribute 30, 1
  13              		.eabi_attribute 34, 1
  14              		.eabi_attribute 18, 4
  15              		.thumb
  16              		.syntax unified
  17              		.file	"Uart.c"
  18              		.text
  19              	.Ltext0:
  20              		.cfi_sections	.debug_frame
  21              		.section	.text.vIRQ_UART_Config,"ax",%progbits
  22              		.align	2
  23              		.thumb
  24              		.thumb_func
  26              	vIRQ_UART_Config:
  27              	.LFB112:
  28              		.file 1 "../user/source/Uart.c"
   1:../user/source/Uart.c **** /*********************************************************************** 
   2:../user/source/Uart.c **** * Copyright (c) 2012,积成电子股份有限公司 All rights reserved.
   3:../user/source/Uart.c **** *
   4:../user/source/Uart.c **** * 文件名称： UART.c
   5:../user/source/Uart.c **** * 描    述： 串口通信代码文件
   6:../user/source/Uart.c **** * 
   7:../user/source/Uart.c **** * 修改记录：
   8:../user/source/Uart.c **** *
   9:../user/source/Uart.c **** * V1.0，2016.06.19，
  10:../user/source/Uart.c **** ***********************************************************************/
  11:../user/source/Uart.c **** 
  12:../user/source/Uart.c **** #include "Uart.h"
  13:../user/source/Uart.c **** #include "stm32f37x_it.h"
  14:../user/source/Uart.c **** 
  15:../user/source/Uart.c **** 
  16:../user/source/Uart.c **** UCDRV_BUF ucDrv_Buf_Uart1_Rcv={{0},0,0};
  17:../user/source/Uart.c **** UCDRV_BUF ucDrv_Buf_Uart1_Snd={{0},0,0};
  18:../user/source/Uart.c **** UCDRV_BUF ucDrv_Buf_Uart2_Rcv={{0},0,0};
  19:../user/source/Uart.c **** UCDRV_BUF ucDrv_Buf_Uart2_Snd={{0},0,0};
  20:../user/source/Uart.c **** UCDRV_BUF ucDrv_Buf_Uart3_Rcv={{0},0,0};
  21:../user/source/Uart.c **** UCDRV_BUF ucDrv_Buf_Uart3_Snd={{0},0,0};
  22:../user/source/Uart.c **** /********************************************************************
  23:../user/source/Uart.c **** * 功    能：串口初始化函数
  24:../user/source/Uart.c **** * 输    入：None
  25:../user/source/Uart.c **** * 输    出：None
  26:../user/source/Uart.c **** *           
  27:../user/source/Uart.c **** * 编 写 人：
  28:../user/source/Uart.c **** * 编写日期：2016.6.23
  29:../user/source/Uart.c **** **********************************************************************/
  30:../user/source/Uart.c **** void vUart_Init(void)
ARM GAS  C:\Users\strag\AppData\Local\Temp\ccogIXba.s 			page 2


  31:../user/source/Uart.c **** {
  32:../user/source/Uart.c **** 	USART_InitTypeDef USART_Initstruc;
  33:../user/source/Uart.c **** 	/*USART1配置*/
  34:../user/source/Uart.c **** 	RCC_APB2PeriphClockCmd(RCC_APB2Periph_USART1,ENABLE);
  35:../user/source/Uart.c **** 	USART_OverSampling8Cmd(USART1, ENABLE); 
  36:../user/source/Uart.c **** 	USART_Initstruc.USART_BaudRate=2400;
  37:../user/source/Uart.c **** 	USART_Initstruc.USART_Mode=(USART_Mode_Rx | USART_Mode_Tx);
  38:../user/source/Uart.c **** 	USART_Initstruc.USART_WordLength=USART_WordLength_9b;
  39:../user/source/Uart.c **** 	USART_Initstruc.USART_Parity=USART_Parity_Even;
  40:../user/source/Uart.c **** 	USART_Initstruc.USART_StopBits=USART_StopBits_1;
  41:../user/source/Uart.c **** 	USART_Initstruc.USART_HardwareFlowControl=USART_HardwareFlowControl_None;
  42:../user/source/Uart.c **** 	USART_Init(USART1,&USART_Initstruc);
  43:../user/source/Uart.c **** 	/*USART3配置*/
  44:../user/source/Uart.c **** 	RCC_APB1PeriphClockCmd(RCC_APB1Periph_USART3,ENABLE);	
  45:../user/source/Uart.c **** 	USART_OverSampling8Cmd(USART3, ENABLE); 
  46:../user/source/Uart.c **** 	USART_Initstruc.USART_BaudRate=2400;
  47:../user/source/Uart.c **** 	USART_Initstruc.USART_Mode=(USART_Mode_Rx | USART_Mode_Tx);
  48:../user/source/Uart.c **** 	USART_Initstruc.USART_WordLength=USART_WordLength_9b;
  49:../user/source/Uart.c **** 	USART_Initstruc.USART_Parity=USART_Parity_Even;
  50:../user/source/Uart.c **** 	USART_Initstruc.USART_StopBits=USART_StopBits_1;
  51:../user/source/Uart.c **** 	USART_Initstruc.USART_HardwareFlowControl=USART_HardwareFlowControl_None;
  52:../user/source/Uart.c **** 	USART_Init(USART3,&USART_Initstruc);
  53:../user/source/Uart.c **** 	/*USART2配置为标准串口*/
  54:../user/source/Uart.c **** 	RCC_APB1PeriphClockCmd(RCC_APB1Periph_USART2,ENABLE);
  55:../user/source/Uart.c **** 	USART_OverSampling8Cmd(USART2, ENABLE); 
  56:../user/source/Uart.c **** 	USART_Initstruc.USART_BaudRate=1200;
  57:../user/source/Uart.c **** 	USART_Initstruc.USART_WordLength=USART_WordLength_9b;
  58:../user/source/Uart.c **** 	USART_Initstruc.USART_StopBits=USART_StopBits_1;
  59:../user/source/Uart.c **** 	USART_Initstruc.USART_Parity=USART_Parity_Even;
  60:../user/source/Uart.c **** 	USART_Initstruc.USART_HardwareFlowControl=USART_HardwareFlowControl_None;
  61:../user/source/Uart.c **** 	USART_Initstruc.USART_Mode=USART_Mode_Rx|USART_Mode_Tx;
  62:../user/source/Uart.c **** 	USART_Init(USART2,&USART_Initstruc);
  63:../user/source/Uart.c **** 	vIRQ_UART_Config();   //中断配置,使能
  64:../user/source/Uart.c **** 	USART_ITConfig(USART1,USART_IT_RXNE,ENABLE);
  65:../user/source/Uart.c **** 	USART_ITConfig(USART3,USART_IT_RXNE,ENABLE);
  66:../user/source/Uart.c **** 	USART_ITConfig(USART2,USART_IT_RXNE,ENABLE);
  67:../user/source/Uart.c **** 	USART_Cmd(USART1,ENABLE);
  68:../user/source/Uart.c **** 	USART_Cmd(USART3,ENABLE);
  69:../user/source/Uart.c **** 	USART_Cmd(USART2,ENABLE);
  70:../user/source/Uart.c **** }
  71:../user/source/Uart.c **** /********************************************************************
  72:../user/source/Uart.c ****   * @brief 串口中断初始化函数
  73:../user/source/Uart.c ****   * @param  None
  74:../user/source/Uart.c ****   * @retval None
  75:../user/source/Uart.c ****   *******************************************************************/	
  76:../user/source/Uart.c **** void vIRQ_UART_Config(void)
  77:../user/source/Uart.c **** {
  29              		.loc 1 77 0
  30              		.cfi_startproc
  31              		@ args = 0, pretend = 0, frame = 8
  32              		@ frame_needed = 0, uses_anonymous_args = 0
  33 0000 00B5     		push	{lr}
  34              	.LCFI0:
  35              		.cfi_def_cfa_offset 4
  36              		.cfi_offset 14, -4
  37 0002 83B0     		sub	sp, sp, #12
  38              	.LCFI1:
ARM GAS  C:\Users\strag\AppData\Local\Temp\ccogIXba.s 			page 3


  39              		.cfi_def_cfa_offset 16
  78:../user/source/Uart.c **** 	/*定义中断结构体*/
  79:../user/source/Uart.c **** 	NVIC_InitTypeDef NVIC_Initstruc;
  80:../user/source/Uart.c **** 	/*配置串口1中断*/
  81:../user/source/Uart.c **** 	NVIC_Initstruc.NVIC_IRQChannel=USART1_IRQn;
  40              		.loc 1 81 0
  41 0004 2523     		movs	r3, #37
  42 0006 8DF80430 		strb	r3, [sp, #4]
  82:../user/source/Uart.c **** 	NVIC_Initstruc.NVIC_IRQChannelPreemptionPriority=1;
  43              		.loc 1 82 0
  44 000a 0123     		movs	r3, #1
  45 000c 8DF80530 		strb	r3, [sp, #5]
  83:../user/source/Uart.c **** 	NVIC_Initstruc.NVIC_IRQChannelSubPriority=1;
  46              		.loc 1 83 0
  47 0010 8DF80630 		strb	r3, [sp, #6]
  84:../user/source/Uart.c **** 	NVIC_Initstruc.NVIC_IRQChannelCmd=ENABLE;
  48              		.loc 1 84 0
  49 0014 8DF80730 		strb	r3, [sp, #7]
  85:../user/source/Uart.c **** 	NVIC_Init(&NVIC_Initstruc);
  50              		.loc 1 85 0
  51 0018 01A8     		add	r0, sp, #4
  52 001a FFF7FEFF 		bl	NVIC_Init
  53              	.LVL0:
  86:../user/source/Uart.c **** 	/*配置串口3中断*/
  87:../user/source/Uart.c **** 	NVIC_Initstruc.NVIC_IRQChannel=USART3_IRQn;
  54              		.loc 1 87 0
  55 001e 2723     		movs	r3, #39
  56 0020 8DF80430 		strb	r3, [sp, #4]
  88:../user/source/Uart.c **** 	NVIC_Initstruc.NVIC_IRQChannelSubPriority=0;
  57              		.loc 1 88 0
  58 0024 0023     		movs	r3, #0
  59 0026 8DF80630 		strb	r3, [sp, #6]
  89:../user/source/Uart.c **** 	NVIC_Init(&NVIC_Initstruc);
  60              		.loc 1 89 0
  61 002a 01A8     		add	r0, sp, #4
  62 002c FFF7FEFF 		bl	NVIC_Init
  63              	.LVL1:
  90:../user/source/Uart.c **** 	/*配置串口2中断*/
  91:../user/source/Uart.c **** 	NVIC_Initstruc.NVIC_IRQChannel=USART2_IRQn;
  64              		.loc 1 91 0
  65 0030 2623     		movs	r3, #38
  66 0032 8DF80430 		strb	r3, [sp, #4]
  92:../user/source/Uart.c **** 	NVIC_Initstruc.NVIC_IRQChannelSubPriority=2;
  67              		.loc 1 92 0
  68 0036 0223     		movs	r3, #2
  69 0038 8DF80630 		strb	r3, [sp, #6]
  93:../user/source/Uart.c **** 	NVIC_Init(&NVIC_Initstruc);
  70              		.loc 1 93 0
  71 003c 01A8     		add	r0, sp, #4
  72 003e FFF7FEFF 		bl	NVIC_Init
  73              	.LVL2:
  94:../user/source/Uart.c **** }
  74              		.loc 1 94 0
  75 0042 03B0     		add	sp, sp, #12
  76              	.LCFI2:
  77              		.cfi_def_cfa_offset 4
  78              		@ sp needed
ARM GAS  C:\Users\strag\AppData\Local\Temp\ccogIXba.s 			page 4


  79 0044 5DF804FB 		ldr	pc, [sp], #4
  80              		.cfi_endproc
  81              	.LFE112:
  83              		.section	.text.vUart_Init,"ax",%progbits
  84              		.align	2
  85              		.global	vUart_Init
  86              		.thumb
  87              		.thumb_func
  89              	vUart_Init:
  90              	.LFB111:
  31:../user/source/Uart.c **** 	USART_InitTypeDef USART_Initstruc;
  91              		.loc 1 31 0
  92              		.cfi_startproc
  93              		@ args = 0, pretend = 0, frame = 24
  94              		@ frame_needed = 0, uses_anonymous_args = 0
  95 0000 2DE9F047 		push	{r4, r5, r6, r7, r8, r9, r10, lr}
  96              	.LCFI3:
  97              		.cfi_def_cfa_offset 32
  98              		.cfi_offset 4, -32
  99              		.cfi_offset 5, -28
 100              		.cfi_offset 6, -24
 101              		.cfi_offset 7, -20
 102              		.cfi_offset 8, -16
 103              		.cfi_offset 9, -12
 104              		.cfi_offset 10, -8
 105              		.cfi_offset 14, -4
 106 0004 86B0     		sub	sp, sp, #24
 107              	.LCFI4:
 108              		.cfi_def_cfa_offset 56
  34:../user/source/Uart.c **** 	USART_OverSampling8Cmd(USART1, ENABLE); 
 109              		.loc 1 34 0
 110 0006 0121     		movs	r1, #1
 111 0008 4FF48040 		mov	r0, #16384
 112 000c FFF7FEFF 		bl	RCC_APB2PeriphClockCmd
 113              	.LVL3:
  35:../user/source/Uart.c **** 	USART_Initstruc.USART_BaudRate=2400;
 114              		.loc 1 35 0
 115 0010 354F     		ldr	r7, .L5
 116 0012 0121     		movs	r1, #1
 117 0014 3846     		mov	r0, r7
 118 0016 FFF7FEFF 		bl	USART_OverSampling8Cmd
 119              	.LVL4:
  36:../user/source/Uart.c **** 	USART_Initstruc.USART_Mode=(USART_Mode_Rx | USART_Mode_Tx);
 120              		.loc 1 36 0
 121 001a 4FF41665 		mov	r5, #2400
 122 001e 0095     		str	r5, [sp]
  37:../user/source/Uart.c **** 	USART_Initstruc.USART_WordLength=USART_WordLength_9b;
 123              		.loc 1 37 0
 124 0020 4FF00C08 		mov	r8, #12
 125 0024 CDF81080 		str	r8, [sp, #16]
  38:../user/source/Uart.c **** 	USART_Initstruc.USART_Parity=USART_Parity_Even;
 126              		.loc 1 38 0
 127 0028 4FF4805A 		mov	r10, #4096
 128 002c CDF804A0 		str	r10, [sp, #4]
  39:../user/source/Uart.c **** 	USART_Initstruc.USART_StopBits=USART_StopBits_1;
 129              		.loc 1 39 0
 130 0030 4FF48069 		mov	r9, #1024
ARM GAS  C:\Users\strag\AppData\Local\Temp\ccogIXba.s 			page 5


 131 0034 CDF80C90 		str	r9, [sp, #12]
  40:../user/source/Uart.c **** 	USART_Initstruc.USART_HardwareFlowControl=USART_HardwareFlowControl_None;
 132              		.loc 1 40 0
 133 0038 0024     		movs	r4, #0
 134 003a 0294     		str	r4, [sp, #8]
  41:../user/source/Uart.c **** 	USART_Init(USART1,&USART_Initstruc);
 135              		.loc 1 41 0
 136 003c 0594     		str	r4, [sp, #20]
  42:../user/source/Uart.c **** 	/*USART3配置*/
 137              		.loc 1 42 0
 138 003e 6946     		mov	r1, sp
 139 0040 3846     		mov	r0, r7
 140 0042 FFF7FEFF 		bl	USART_Init
 141              	.LVL5:
  44:../user/source/Uart.c **** 	USART_OverSampling8Cmd(USART3, ENABLE); 
 142              		.loc 1 44 0
 143 0046 0121     		movs	r1, #1
 144 0048 4FF48020 		mov	r0, #262144
 145 004c FFF7FEFF 		bl	RCC_APB1PeriphClockCmd
 146              	.LVL6:
  45:../user/source/Uart.c **** 	USART_Initstruc.USART_BaudRate=2400;
 147              		.loc 1 45 0
 148 0050 264E     		ldr	r6, .L5+4
 149 0052 0121     		movs	r1, #1
 150 0054 3046     		mov	r0, r6
 151 0056 FFF7FEFF 		bl	USART_OverSampling8Cmd
 152              	.LVL7:
  46:../user/source/Uart.c **** 	USART_Initstruc.USART_Mode=(USART_Mode_Rx | USART_Mode_Tx);
 153              		.loc 1 46 0
 154 005a 0095     		str	r5, [sp]
  47:../user/source/Uart.c **** 	USART_Initstruc.USART_WordLength=USART_WordLength_9b;
 155              		.loc 1 47 0
 156 005c CDF81080 		str	r8, [sp, #16]
  48:../user/source/Uart.c **** 	USART_Initstruc.USART_Parity=USART_Parity_Even;
 157              		.loc 1 48 0
 158 0060 CDF804A0 		str	r10, [sp, #4]
  49:../user/source/Uart.c **** 	USART_Initstruc.USART_StopBits=USART_StopBits_1;
 159              		.loc 1 49 0
 160 0064 CDF80C90 		str	r9, [sp, #12]
  50:../user/source/Uart.c **** 	USART_Initstruc.USART_HardwareFlowControl=USART_HardwareFlowControl_None;
 161              		.loc 1 50 0
 162 0068 0294     		str	r4, [sp, #8]
  51:../user/source/Uart.c **** 	USART_Init(USART3,&USART_Initstruc);
 163              		.loc 1 51 0
 164 006a 0594     		str	r4, [sp, #20]
  52:../user/source/Uart.c **** 	/*USART2配置为标准串口*/
 165              		.loc 1 52 0
 166 006c 6946     		mov	r1, sp
 167 006e 3046     		mov	r0, r6
 168 0070 FFF7FEFF 		bl	USART_Init
 169              	.LVL8:
  54:../user/source/Uart.c **** 	USART_OverSampling8Cmd(USART2, ENABLE); 
 170              		.loc 1 54 0
 171 0074 0121     		movs	r1, #1
 172 0076 4FF40030 		mov	r0, #131072
 173 007a FFF7FEFF 		bl	RCC_APB1PeriphClockCmd
 174              	.LVL9:
ARM GAS  C:\Users\strag\AppData\Local\Temp\ccogIXba.s 			page 6


  55:../user/source/Uart.c **** 	USART_Initstruc.USART_BaudRate=1200;
 175              		.loc 1 55 0
 176 007e 1C4D     		ldr	r5, .L5+8
 177 0080 0121     		movs	r1, #1
 178 0082 2846     		mov	r0, r5
 179 0084 FFF7FEFF 		bl	USART_OverSampling8Cmd
 180              	.LVL10:
  56:../user/source/Uart.c **** 	USART_Initstruc.USART_WordLength=USART_WordLength_9b;
 181              		.loc 1 56 0
 182 0088 4FF49663 		mov	r3, #1200
 183 008c 0093     		str	r3, [sp]
  57:../user/source/Uart.c **** 	USART_Initstruc.USART_StopBits=USART_StopBits_1;
 184              		.loc 1 57 0
 185 008e CDF804A0 		str	r10, [sp, #4]
  58:../user/source/Uart.c **** 	USART_Initstruc.USART_Parity=USART_Parity_Even;
 186              		.loc 1 58 0
 187 0092 0294     		str	r4, [sp, #8]
  59:../user/source/Uart.c **** 	USART_Initstruc.USART_HardwareFlowControl=USART_HardwareFlowControl_None;
 188              		.loc 1 59 0
 189 0094 CDF80C90 		str	r9, [sp, #12]
  60:../user/source/Uart.c **** 	USART_Initstruc.USART_Mode=USART_Mode_Rx|USART_Mode_Tx;
 190              		.loc 1 60 0
 191 0098 0594     		str	r4, [sp, #20]
  61:../user/source/Uart.c **** 	USART_Init(USART2,&USART_Initstruc);
 192              		.loc 1 61 0
 193 009a CDF81080 		str	r8, [sp, #16]
  62:../user/source/Uart.c **** 	vIRQ_UART_Config();   //中断配置,使能
 194              		.loc 1 62 0
 195 009e 6946     		mov	r1, sp
 196 00a0 2846     		mov	r0, r5
 197 00a2 FFF7FEFF 		bl	USART_Init
 198              	.LVL11:
  63:../user/source/Uart.c **** 	USART_ITConfig(USART1,USART_IT_RXNE,ENABLE);
 199              		.loc 1 63 0
 200 00a6 FFF7FEFF 		bl	vIRQ_UART_Config
 201              	.LVL12:
  64:../user/source/Uart.c **** 	USART_ITConfig(USART3,USART_IT_RXNE,ENABLE);
 202              		.loc 1 64 0
 203 00aa 124C     		ldr	r4, .L5+12
 204 00ac 0122     		movs	r2, #1
 205 00ae 2146     		mov	r1, r4
 206 00b0 3846     		mov	r0, r7
 207 00b2 FFF7FEFF 		bl	USART_ITConfig
 208              	.LVL13:
  65:../user/source/Uart.c **** 	USART_ITConfig(USART2,USART_IT_RXNE,ENABLE);
 209              		.loc 1 65 0
 210 00b6 0122     		movs	r2, #1
 211 00b8 2146     		mov	r1, r4
 212 00ba 3046     		mov	r0, r6
 213 00bc FFF7FEFF 		bl	USART_ITConfig
 214              	.LVL14:
  66:../user/source/Uart.c **** 	USART_Cmd(USART1,ENABLE);
 215              		.loc 1 66 0
 216 00c0 0122     		movs	r2, #1
 217 00c2 2146     		mov	r1, r4
 218 00c4 2846     		mov	r0, r5
 219 00c6 FFF7FEFF 		bl	USART_ITConfig
ARM GAS  C:\Users\strag\AppData\Local\Temp\ccogIXba.s 			page 7


 220              	.LVL15:
  67:../user/source/Uart.c **** 	USART_Cmd(USART3,ENABLE);
 221              		.loc 1 67 0
 222 00ca 0121     		movs	r1, #1
 223 00cc 3846     		mov	r0, r7
 224 00ce FFF7FEFF 		bl	USART_Cmd
 225              	.LVL16:
  68:../user/source/Uart.c **** 	USART_Cmd(USART2,ENABLE);
 226              		.loc 1 68 0
 227 00d2 0121     		movs	r1, #1
 228 00d4 3046     		mov	r0, r6
 229 00d6 FFF7FEFF 		bl	USART_Cmd
 230              	.LVL17:
  69:../user/source/Uart.c **** }
 231              		.loc 1 69 0
 232 00da 0121     		movs	r1, #1
 233 00dc 2846     		mov	r0, r5
 234 00de FFF7FEFF 		bl	USART_Cmd
 235              	.LVL18:
  70:../user/source/Uart.c **** /********************************************************************
 236              		.loc 1 70 0
 237 00e2 06B0     		add	sp, sp, #24
 238              	.LCFI5:
 239              		.cfi_def_cfa_offset 32
 240              		@ sp needed
 241 00e4 BDE8F087 		pop	{r4, r5, r6, r7, r8, r9, r10, pc}
 242              	.L6:
 243              		.align	2
 244              	.L5:
 245 00e8 00380140 		.word	1073821696
 246 00ec 00480040 		.word	1073760256
 247 00f0 00440040 		.word	1073759232
 248 00f4 05010500 		.word	327941
 249              		.cfi_endproc
 250              	.LFE111:
 252              		.section	.text.blDrv_Buf_IsEmpty,"ax",%progbits
 253              		.align	2
 254              		.global	blDrv_Buf_IsEmpty
 255              		.thumb
 256              		.thumb_func
 258              	blDrv_Buf_IsEmpty:
 259              	.LFB113:
  95:../user/source/Uart.c **** /********************************************************************
  96:../user/source/Uart.c **** * 功    能：判断驱动层缓存是否为空
  97:../user/source/Uart.c **** * 输    入：驱动层缓存结构体地址
  98:../user/source/Uart.c **** * 输    出：true/false
  99:../user/source/Uart.c **** *           
 100:../user/source/Uart.c **** * 编 写 人：
 101:../user/source/Uart.c **** * 编写日期：2016.6.28
 102:../user/source/Uart.c **** **********************************************************************/
 103:../user/source/Uart.c **** bool blDrv_Buf_IsEmpty(const UCDRV_BUF *ucdrv_buf)
 104:../user/source/Uart.c **** { 
 260              		.loc 1 104 0
 261              		.cfi_startproc
 262              		@ args = 0, pretend = 0, frame = 0
 263              		@ frame_needed = 0, uses_anonymous_args = 0
 264              		@ link register save eliminated.
ARM GAS  C:\Users\strag\AppData\Local\Temp\ccogIXba.s 			page 8


 265              	.LVL19:
 105:../user/source/Uart.c **** 	if(ucdrv_buf->RD_Index == ucdrv_buf->WR_Index)	
 266              		.loc 1 105 0
 267 0000 B0F82E21 		ldrh	r2, [r0, #302]
 268 0004 B0F82C31 		ldrh	r3, [r0, #300]
 269 0008 9A42     		cmp	r2, r3
 270 000a 01D1     		bne	.L9
 106:../user/source/Uart.c **** 		return true;
 271              		.loc 1 106 0
 272 000c 0120     		movs	r0, #1
 273              	.LVL20:
 274 000e 7047     		bx	lr
 275              	.LVL21:
 276              	.L9:
 107:../user/source/Uart.c **** 	else
 108:../user/source/Uart.c **** 		return false;	
 277              		.loc 1 108 0
 278 0010 0020     		movs	r0, #0
 279              	.LVL22:
 109:../user/source/Uart.c **** }
 280              		.loc 1 109 0
 281 0012 7047     		bx	lr
 282              		.cfi_endproc
 283              	.LFE113:
 285              		.section	.text.blDrv_Buf_IsFull,"ax",%progbits
 286              		.align	2
 287              		.global	blDrv_Buf_IsFull
 288              		.thumb
 289              		.thumb_func
 291              	blDrv_Buf_IsFull:
 292              	.LFB114:
 110:../user/source/Uart.c **** /********************************************************************
 111:../user/source/Uart.c **** * 功    能：判断驱动层缓存是否满
 112:../user/source/Uart.c **** * 输    入：驱动层缓存结构体地址
 113:../user/source/Uart.c **** * 输    出：true/false
 114:../user/source/Uart.c **** *           
 115:../user/source/Uart.c **** * 编 写 人：
 116:../user/source/Uart.c **** * 编写日期：2016.6.28
 117:../user/source/Uart.c **** **********************************************************************/
 118:../user/source/Uart.c **** bool blDrv_Buf_IsFull(const UCDRV_BUF *ucdrv_buf)
 119:../user/source/Uart.c **** { 
 293              		.loc 1 119 0
 294              		.cfi_startproc
 295              		@ args = 0, pretend = 0, frame = 0
 296              		@ frame_needed = 0, uses_anonymous_args = 0
 297              		@ link register save eliminated.
 298              	.LVL23:
 299 0000 10B4     		push	{r4}
 300              	.LCFI6:
 301              		.cfi_def_cfa_offset 4
 302              		.cfi_offset 4, -4
 120:../user/source/Uart.c **** 	if(ucdrv_buf->RD_Index == (ucdrv_buf->WR_Index+1)%DRV_BUF_SIZE)	
 303              		.loc 1 120 0
 304 0002 B0F82E41 		ldrh	r4, [r0, #302]
 305 0006 B0F82C21 		ldrh	r2, [r0, #300]
 306 000a 0132     		adds	r2, r2, #1
 307 000c 084B     		ldr	r3, .L14
ARM GAS  C:\Users\strag\AppData\Local\Temp\ccogIXba.s 			page 9


 308 000e 83FB0231 		smull	r3, r1, r3, r2
 309 0012 D317     		asrs	r3, r2, #31
 310 0014 C3EB6113 		rsb	r3, r3, r1, asr #5
 311 0018 4FF49671 		mov	r1, #300
 312 001c 01FB1323 		mls	r3, r1, r3, r2
 313 0020 9C42     		cmp	r4, r3
 314 0022 01D1     		bne	.L12
 121:../user/source/Uart.c **** 		return true;
 315              		.loc 1 121 0
 316 0024 0120     		movs	r0, #1
 317              	.LVL24:
 318 0026 00E0     		b	.L11
 319              	.LVL25:
 320              	.L12:
 122:../user/source/Uart.c **** 	else
 123:../user/source/Uart.c **** 		return false;
 321              		.loc 1 123 0
 322 0028 0020     		movs	r0, #0
 323              	.LVL26:
 324              	.L11:
 124:../user/source/Uart.c **** }
 325              		.loc 1 124 0
 326 002a 5DF8044B 		ldr	r4, [sp], #4
 327              	.LCFI7:
 328              		.cfi_restore 4
 329              		.cfi_def_cfa_offset 0
 330 002e 7047     		bx	lr
 331              	.L15:
 332              		.align	2
 333              	.L14:
 334 0030 B5814E1B 		.word	458129845
 335              		.cfi_endproc
 336              	.LFE114:
 338              		.section	.text.ucDrv_Buf_EmpLen,"ax",%progbits
 339              		.align	2
 340              		.global	ucDrv_Buf_EmpLen
 341              		.thumb
 342              		.thumb_func
 344              	ucDrv_Buf_EmpLen:
 345              	.LFB115:
 125:../user/source/Uart.c **** /********************************************************************
 126:../user/source/Uart.c **** * 功    能：查询驱动层缓存剩余空间
 127:../user/source/Uart.c **** * 输    入：数据缓存结构体地址
 128:../user/source/Uart.c **** * 输    出：uint16_t
 129:../user/source/Uart.c **** *           
 130:../user/source/Uart.c **** * 编 写 人：
 131:../user/source/Uart.c **** * 编写日期：2016.6.28
 132:../user/source/Uart.c **** **********************************************************************/
 133:../user/source/Uart.c **** uint16_t ucDrv_Buf_EmpLen(const UCDRV_BUF *ucdrv_buf)
 134:../user/source/Uart.c **** { 
 346              		.loc 1 134 0
 347              		.cfi_startproc
 348              		@ args = 0, pretend = 0, frame = 0
 349              		@ frame_needed = 0, uses_anonymous_args = 0
 350              		@ link register save eliminated.
 351              	.LVL27:
 135:../user/source/Uart.c **** 	uint16_t i= (ucdrv_buf->RD_Index - ucdrv_buf->WR_Index)%DRV_BUF_SIZE -1;
ARM GAS  C:\Users\strag\AppData\Local\Temp\ccogIXba.s 			page 10


 352              		.loc 1 135 0
 353 0000 B0F82E31 		ldrh	r3, [r0, #302]
 354 0004 B0F82C21 		ldrh	r2, [r0, #300]
 355 0008 9A1A     		subs	r2, r3, r2
 356 000a 0648     		ldr	r0, .L17
 357              	.LVL28:
 358 000c 80FB0230 		smull	r3, r0, r0, r2
 359 0010 D317     		asrs	r3, r2, #31
 360 0012 C3EB6010 		rsb	r0, r3, r0, asr #5
 361 0016 4FF49673 		mov	r3, #300
 362 001a 03FB1020 		mls	r0, r3, r0, r2
 363 001e 0138     		subs	r0, r0, #1
 364              	.LVL29:
 136:../user/source/Uart.c **** 	return i;
 137:../user/source/Uart.c **** }
 365              		.loc 1 137 0
 366 0020 80B2     		uxth	r0, r0
 367 0022 7047     		bx	lr
 368              	.L18:
 369              		.align	2
 370              	.L17:
 371 0024 B5814E1B 		.word	458129845
 372              		.cfi_endproc
 373              	.LFE115:
 375              		.section	.text.ucDrv_Buf_DataLen,"ax",%progbits
 376              		.align	2
 377              		.global	ucDrv_Buf_DataLen
 378              		.thumb
 379              		.thumb_func
 381              	ucDrv_Buf_DataLen:
 382              	.LFB116:
 138:../user/source/Uart.c **** /********************************************************************
 139:../user/source/Uart.c **** * 功    能：查询缓存中未读的字节数
 140:../user/source/Uart.c **** * 输    入：数据缓存结构体地址
 141:../user/source/Uart.c **** * 输    出：uint16_t
 142:../user/source/Uart.c **** *          
 143:../user/source/Uart.c **** * 编 写 人：
 144:../user/source/Uart.c **** * 编写日期：2016.6.28
 145:../user/source/Uart.c **** **********************************************************************/
 146:../user/source/Uart.c **** uint16_t ucDrv_Buf_DataLen(const UCDRV_BUF *ucdrv_buf)
 147:../user/source/Uart.c **** { 
 383              		.loc 1 147 0
 384              		.cfi_startproc
 385              		@ args = 0, pretend = 0, frame = 0
 386              		@ frame_needed = 0, uses_anonymous_args = 0
 387              		@ link register save eliminated.
 388              	.LVL30:
 148:../user/source/Uart.c **** 	return (ucdrv_buf->WR_Index - ucdrv_buf->RD_Index + DRV_BUF_SIZE)%DRV_BUF_SIZE;
 389              		.loc 1 148 0
 390 0000 B0F82C31 		ldrh	r3, [r0, #300]
 391 0004 B0F82E21 		ldrh	r2, [r0, #302]
 392 0008 9B1A     		subs	r3, r3, r2
 393 000a 03F59673 		add	r3, r3, #300
 394 000e 0648     		ldr	r0, .L20
 395              	.LVL31:
 396 0010 80FB0320 		smull	r2, r0, r0, r3
 397 0014 DA17     		asrs	r2, r3, #31
ARM GAS  C:\Users\strag\AppData\Local\Temp\ccogIXba.s 			page 11


 398 0016 C2EB6010 		rsb	r0, r2, r0, asr #5
 399 001a 4FF49672 		mov	r2, #300
 400 001e 02FB1030 		mls	r0, r2, r0, r3
 149:../user/source/Uart.c **** }
 401              		.loc 1 149 0
 402 0022 80B2     		uxth	r0, r0
 403 0024 7047     		bx	lr
 404              	.L21:
 405 0026 00BF     		.align	2
 406              	.L20:
 407 0028 B5814E1B 		.word	458129845
 408              		.cfi_endproc
 409              	.LFE116:
 411              		.section	.text.ucDrv_Buf_GetBytes,"ax",%progbits
 412              		.align	2
 413              		.global	ucDrv_Buf_GetBytes
 414              		.thumb
 415              		.thumb_func
 417              	ucDrv_Buf_GetBytes:
 418              	.LFB117:
 150:../user/source/Uart.c **** /********************************************************************
 151:../user/source/Uart.c **** * 功    能：从驱动缓存读取指定数量的字节
 152:../user/source/Uart.c **** * 输    入：驱动缓存结构体地址，数据缓存结构体地址，读取字节数
 153:../user/source/Uart.c **** * 输    出：true/false
 154:../user/source/Uart.c **** *          
 155:../user/source/Uart.c **** * 编 写 人：王君龙
 156:../user/source/Uart.c **** * 编写日期：2016.6.28
 157:../user/source/Uart.c **** **********************************************************************/
 158:../user/source/Uart.c **** bool ucDrv_Buf_GetBytes(UCDRV_BUF *ucdrv_buf,uint8_t *ucdata_buf,uint16_t length)
 159:../user/source/Uart.c **** { 
 419              		.loc 1 159 0
 420              		.cfi_startproc
 421              		@ args = 0, pretend = 0, frame = 0
 422              		@ frame_needed = 0, uses_anonymous_args = 0
 423              	.LVL32:
 424 0000 70B5     		push	{r4, r5, r6, lr}
 425              	.LCFI8:
 426              		.cfi_def_cfa_offset 16
 427              		.cfi_offset 4, -16
 428              		.cfi_offset 5, -12
 429              		.cfi_offset 6, -8
 430              		.cfi_offset 14, -4
 431 0002 0446     		mov	r4, r0
 432 0004 0E46     		mov	r6, r1
 433 0006 1546     		mov	r5, r2
 160:../user/source/Uart.c **** 	uint16_t i;
 161:../user/source/Uart.c **** 	if(ucDrv_Buf_DataLen(ucdrv_buf) >= length)
 434              		.loc 1 161 0
 435 0008 FFF7FEFF 		bl	ucDrv_Buf_DataLen
 436              	.LVL33:
 437 000c A842     		cmp	r0, r5
 438 000e 17D2     		bcs	.L26
 162:../user/source/Uart.c **** 	{
 163:../user/source/Uart.c **** 		for(i=0;i<length;i++)
 164:../user/source/Uart.c **** 		{
 165:../user/source/Uart.c **** 			*(ucdata_buf + i) = ucdrv_buf->ucBuf[ucdrv_buf->RD_Index];
 166:../user/source/Uart.c **** 			ucdrv_buf->RD_Index = (ucdrv_buf->RD_Index + 1)	% DRV_BUF_SIZE;
ARM GAS  C:\Users\strag\AppData\Local\Temp\ccogIXba.s 			page 12


 167:../user/source/Uart.c **** 		}
 168:../user/source/Uart.c **** 		return true;
 169:../user/source/Uart.c **** 	}
 170:../user/source/Uart.c **** 	else 
 171:../user/source/Uart.c **** 		return false;
 439              		.loc 1 171 0
 440 0010 0020     		movs	r0, #0
 441 0012 70BD     		pop	{r4, r5, r6, pc}
 442              	.LVL34:
 443              	.L25:
 165:../user/source/Uart.c **** 			ucdrv_buf->RD_Index = (ucdrv_buf->RD_Index + 1)	% DRV_BUF_SIZE;
 444              		.loc 1 165 0 discriminator 3
 445 0014 B4F82E21 		ldrh	r2, [r4, #302]
 446 0018 A25C     		ldrb	r2, [r4, r2]	@ zero_extendqisi2
 447 001a F254     		strb	r2, [r6, r3]
 166:../user/source/Uart.c **** 		}
 448              		.loc 1 166 0 discriminator 3
 449 001c B4F82E11 		ldrh	r1, [r4, #302]
 450 0020 0131     		adds	r1, r1, #1
 451 0022 0A4A     		ldr	r2, .L28
 452 0024 82FB0120 		smull	r2, r0, r2, r1
 453 0028 CA17     		asrs	r2, r1, #31
 454 002a C2EB6012 		rsb	r2, r2, r0, asr #5
 455 002e 4FF49670 		mov	r0, #300
 456 0032 00FB1212 		mls	r2, r0, r2, r1
 457 0036 A4F82E21 		strh	r2, [r4, #302]	@ movhi
 163:../user/source/Uart.c **** 		{
 458              		.loc 1 163 0 discriminator 3
 459 003a 0133     		adds	r3, r3, #1
 460              	.LVL35:
 461 003c 9BB2     		uxth	r3, r3
 462              	.LVL36:
 463 003e 00E0     		b	.L23
 464              	.LVL37:
 465              	.L26:
 466 0040 0023     		movs	r3, #0
 467              	.L23:
 468              	.LVL38:
 163:../user/source/Uart.c **** 		{
 469              		.loc 1 163 0 is_stmt 0 discriminator 1
 470 0042 AB42     		cmp	r3, r5
 471 0044 E6D3     		bcc	.L25
 168:../user/source/Uart.c **** 	}
 472              		.loc 1 168 0 is_stmt 1
 473 0046 0120     		movs	r0, #1
 172:../user/source/Uart.c **** }
 474              		.loc 1 172 0
 475 0048 70BD     		pop	{r4, r5, r6, pc}
 476              	.LVL39:
 477              	.L29:
 478 004a 00BF     		.align	2
 479              	.L28:
 480 004c B5814E1B 		.word	458129845
 481              		.cfi_endproc
 482              	.LFE117:
 484              		.section	.text.ucDrv_Buf_PutBytes,"ax",%progbits
 485              		.align	2
ARM GAS  C:\Users\strag\AppData\Local\Temp\ccogIXba.s 			page 13


 486              		.global	ucDrv_Buf_PutBytes
 487              		.thumb
 488              		.thumb_func
 490              	ucDrv_Buf_PutBytes:
 491              	.LFB118:
 173:../user/source/Uart.c **** /********************************************************************
 174:../user/source/Uart.c **** * 功    能：向驱动缓存写指定数量的字节
 175:../user/source/Uart.c **** * 输    入：数据缓存结构体地址，驱动缓存结构体地址，写字节数
 176:../user/source/Uart.c **** * 输    出：true/false
 177:../user/source/Uart.c **** *          
 178:../user/source/Uart.c **** * 编 写 人：王君龙
 179:../user/source/Uart.c **** * 编写日期：2017.3.14
 180:../user/source/Uart.c **** **********************************************************************/
 181:../user/source/Uart.c **** bool ucDrv_Buf_PutBytes(uint8_t *ucdata_buf,UCDRV_BUF *ucdrv_buf,uint16_t length)
 182:../user/source/Uart.c **** { 
 492              		.loc 1 182 0
 493              		.cfi_startproc
 494              		@ args = 0, pretend = 0, frame = 0
 495              		@ frame_needed = 0, uses_anonymous_args = 0
 496              	.LVL40:
 497 0000 70B5     		push	{r4, r5, r6, lr}
 498              	.LCFI9:
 499              		.cfi_def_cfa_offset 16
 500              		.cfi_offset 4, -16
 501              		.cfi_offset 5, -12
 502              		.cfi_offset 6, -8
 503              		.cfi_offset 14, -4
 504 0002 0646     		mov	r6, r0
 505 0004 0C46     		mov	r4, r1
 506 0006 1546     		mov	r5, r2
 183:../user/source/Uart.c **** 	uint16_t i;
 184:../user/source/Uart.c **** 	if(DRV_BUF_SIZE >= ucDrv_Buf_DataLen(ucdrv_buf) + length)
 507              		.loc 1 184 0
 508 0008 0846     		mov	r0, r1
 509              	.LVL41:
 510 000a FFF7FEFF 		bl	ucDrv_Buf_DataLen
 511              	.LVL42:
 512 000e 2844     		add	r0, r0, r5
 513 0010 B0F5967F 		cmp	r0, #300
 514 0014 15DD     		ble	.L34
 185:../user/source/Uart.c **** 	{
 186:../user/source/Uart.c **** 		for(i=0;i<length;i++)
 187:../user/source/Uart.c **** 		{
 188:../user/source/Uart.c **** 			ucdrv_buf->ucBuf[ucdrv_buf->WR_Index] = *(ucdata_buf + i);
 189:../user/source/Uart.c **** 			ucdrv_buf->WR_Index = (ucdrv_buf->WR_Index + 1)	% DRV_BUF_SIZE;
 190:../user/source/Uart.c **** 		}
 191:../user/source/Uart.c **** 		return true;
 192:../user/source/Uart.c **** 	}
 193:../user/source/Uart.c **** 	else 
 194:../user/source/Uart.c **** 		return false;
 515              		.loc 1 194 0
 516 0016 0020     		movs	r0, #0
 517 0018 70BD     		pop	{r4, r5, r6, pc}
 518              	.LVL43:
 519              	.L33:
 188:../user/source/Uart.c **** 			ucdrv_buf->WR_Index = (ucdrv_buf->WR_Index + 1)	% DRV_BUF_SIZE;
 520              		.loc 1 188 0 discriminator 3
ARM GAS  C:\Users\strag\AppData\Local\Temp\ccogIXba.s 			page 14


 521 001a B4F82C31 		ldrh	r3, [r4, #300]
 522 001e B15C     		ldrb	r1, [r6, r2]	@ zero_extendqisi2
 523 0020 E154     		strb	r1, [r4, r3]
 189:../user/source/Uart.c **** 		}
 524              		.loc 1 189 0 discriminator 3
 525 0022 0133     		adds	r3, r3, #1
 526 0024 0949     		ldr	r1, .L36
 527 0026 81FB0310 		smull	r1, r0, r1, r3
 528 002a D917     		asrs	r1, r3, #31
 529 002c C1EB6011 		rsb	r1, r1, r0, asr #5
 530 0030 4FF49670 		mov	r0, #300
 531 0034 00FB1131 		mls	r1, r0, r1, r3
 532 0038 A4F82C11 		strh	r1, [r4, #300]	@ movhi
 186:../user/source/Uart.c **** 		{
 533              		.loc 1 186 0 discriminator 3
 534 003c 0132     		adds	r2, r2, #1
 535              	.LVL44:
 536 003e 92B2     		uxth	r2, r2
 537              	.LVL45:
 538 0040 00E0     		b	.L31
 539              	.LVL46:
 540              	.L34:
 541 0042 0022     		movs	r2, #0
 542              	.L31:
 543              	.LVL47:
 186:../user/source/Uart.c **** 		{
 544              		.loc 1 186 0 is_stmt 0 discriminator 1
 545 0044 AA42     		cmp	r2, r5
 546 0046 E8D3     		bcc	.L33
 191:../user/source/Uart.c **** 	}
 547              		.loc 1 191 0 is_stmt 1
 548 0048 0120     		movs	r0, #1
 195:../user/source/Uart.c **** }
 549              		.loc 1 195 0
 550 004a 70BD     		pop	{r4, r5, r6, pc}
 551              	.LVL48:
 552              	.L37:
 553              		.align	2
 554              	.L36:
 555 004c B5814E1B 		.word	458129845
 556              		.cfi_endproc
 557              	.LFE118:
 559              		.section	.text.Uart_DataPut,"ax",%progbits
 560              		.align	2
 561              		.global	Uart_DataPut
 562              		.thumb
 563              		.thumb_func
 565              	Uart_DataPut:
 566              	.LFB119:
 196:../user/source/Uart.c **** /********************************************************************
 197:../user/source/Uart.c **** * 功    能：串口发送（使用中断功能）
 198:../user/source/Uart.c **** * 输    入：USART_X
 199:../user/source/Uart.c **** * 输    出：void
 200:../user/source/Uart.c **** *           
 201:../user/source/Uart.c **** * 编 写 人：
 202:../user/source/Uart.c **** * 编写日期：2016.6.28
 203:../user/source/Uart.c **** **********************************************************************/
ARM GAS  C:\Users\strag\AppData\Local\Temp\ccogIXba.s 			page 15


 204:../user/source/Uart.c ****  void Uart_DataPut(USART_TypeDef* USART_X)
 205:../user/source/Uart.c **** {
 567              		.loc 1 205 0
 568              		.cfi_startproc
 569              		@ args = 0, pretend = 0, frame = 0
 570              		@ frame_needed = 0, uses_anonymous_args = 0
 571              	.LVL49:
 572 0000 08B5     		push	{r3, lr}
 573              	.LCFI10:
 574              		.cfi_def_cfa_offset 8
 575              		.cfi_offset 3, -8
 576              		.cfi_offset 14, -4
 206:../user/source/Uart.c **** 	 USART_ITConfig(USART_X,USART_IT_TXE,ENABLE);
 577              		.loc 1 206 0
 578 0002 0122     		movs	r2, #1
 579 0004 0149     		ldr	r1, .L40
 580 0006 FFF7FEFF 		bl	USART_ITConfig
 581              	.LVL50:
 582 000a 08BD     		pop	{r3, pc}
 583              	.L41:
 584              		.align	2
 585              	.L40:
 586 000c 07010700 		.word	459015
 587              		.cfi_endproc
 588              	.LFE119:
 590              		.global	ucDrv_Buf_Uart3_Snd
 591              		.global	ucDrv_Buf_Uart3_Rcv
 592              		.global	ucDrv_Buf_Uart2_Snd
 593              		.global	ucDrv_Buf_Uart2_Rcv
 594              		.global	ucDrv_Buf_Uart1_Snd
 595              		.global	ucDrv_Buf_Uart1_Rcv
 596              		.section	.bss.ucDrv_Buf_Uart2_Rcv,"aw",%nobits
 597              		.align	2
 600              	ucDrv_Buf_Uart2_Rcv:
 601 0000 00000000 		.space	304
 601      00000000 
 601      00000000 
 601      00000000 
 601      00000000 
 602              		.section	.bss.ucDrv_Buf_Uart3_Rcv,"aw",%nobits
 603              		.align	2
 606              	ucDrv_Buf_Uart3_Rcv:
 607 0000 00000000 		.space	304
 607      00000000 
 607      00000000 
 607      00000000 
 607      00000000 
 608              		.section	.bss.ucDrv_Buf_Uart1_Snd,"aw",%nobits
 609              		.align	2
 612              	ucDrv_Buf_Uart1_Snd:
 613 0000 00000000 		.space	304
 613      00000000 
 613      00000000 
 613      00000000 
 613      00000000 
 614              		.section	.bss.ucDrv_Buf_Uart1_Rcv,"aw",%nobits
 615              		.align	2
ARM GAS  C:\Users\strag\AppData\Local\Temp\ccogIXba.s 			page 16


 618              	ucDrv_Buf_Uart1_Rcv:
 619 0000 00000000 		.space	304
 619      00000000 
 619      00000000 
 619      00000000 
 619      00000000 
 620              		.section	.bss.ucDrv_Buf_Uart2_Snd,"aw",%nobits
 621              		.align	2
 624              	ucDrv_Buf_Uart2_Snd:
 625 0000 00000000 		.space	304
 625      00000000 
 625      00000000 
 625      00000000 
 625      00000000 
 626              		.section	.bss.ucDrv_Buf_Uart3_Snd,"aw",%nobits
 627              		.align	2
 630              	ucDrv_Buf_Uart3_Snd:
 631 0000 00000000 		.space	304
 631      00000000 
 631      00000000 
 631      00000000 
 631      00000000 
 632              		.text
 633              	.Letext0:
 634              		.file 2 "d:\\gcc-arm-none-eabi-5_4-2016q3-20160926-win32\\arm-none-eabi\\include\\machine\\_defaul
 635              		.file 3 "d:\\gcc-arm-none-eabi-5_4-2016q3-20160926-win32\\arm-none-eabi\\include\\sys\\_stdint.h"
 636              		.file 4 "../cmsis/include/stm32f37x.h"
 637              		.file 5 "../stdperiph/include/stm32f37x_usart.h"
 638              		.file 6 "../stdperiph/include/stm32f37x_misc.h"
 639              		.file 7 "../user/include/Uart.h"
 640              		.file 8 "../cmsis/include/core_cm4.h"
 641              		.file 9 "../stdperiph/include/stm32f37x_rcc.h"
ARM GAS  C:\Users\strag\AppData\Local\Temp\ccogIXba.s 			page 17


DEFINED SYMBOLS
                            *ABS*:00000000 Uart.c
C:\Users\strag\AppData\Local\Temp\ccogIXba.s:22     .text.vIRQ_UART_Config:00000000 $t
C:\Users\strag\AppData\Local\Temp\ccogIXba.s:26     .text.vIRQ_UART_Config:00000000 vIRQ_UART_Config
C:\Users\strag\AppData\Local\Temp\ccogIXba.s:84     .text.vUart_Init:00000000 $t
C:\Users\strag\AppData\Local\Temp\ccogIXba.s:89     .text.vUart_Init:00000000 vUart_Init
C:\Users\strag\AppData\Local\Temp\ccogIXba.s:245    .text.vUart_Init:000000e8 $d
C:\Users\strag\AppData\Local\Temp\ccogIXba.s:253    .text.blDrv_Buf_IsEmpty:00000000 $t
C:\Users\strag\AppData\Local\Temp\ccogIXba.s:258    .text.blDrv_Buf_IsEmpty:00000000 blDrv_Buf_IsEmpty
C:\Users\strag\AppData\Local\Temp\ccogIXba.s:286    .text.blDrv_Buf_IsFull:00000000 $t
C:\Users\strag\AppData\Local\Temp\ccogIXba.s:291    .text.blDrv_Buf_IsFull:00000000 blDrv_Buf_IsFull
C:\Users\strag\AppData\Local\Temp\ccogIXba.s:334    .text.blDrv_Buf_IsFull:00000030 $d
C:\Users\strag\AppData\Local\Temp\ccogIXba.s:339    .text.ucDrv_Buf_EmpLen:00000000 $t
C:\Users\strag\AppData\Local\Temp\ccogIXba.s:344    .text.ucDrv_Buf_EmpLen:00000000 ucDrv_Buf_EmpLen
C:\Users\strag\AppData\Local\Temp\ccogIXba.s:371    .text.ucDrv_Buf_EmpLen:00000024 $d
C:\Users\strag\AppData\Local\Temp\ccogIXba.s:376    .text.ucDrv_Buf_DataLen:00000000 $t
C:\Users\strag\AppData\Local\Temp\ccogIXba.s:381    .text.ucDrv_Buf_DataLen:00000000 ucDrv_Buf_DataLen
C:\Users\strag\AppData\Local\Temp\ccogIXba.s:407    .text.ucDrv_Buf_DataLen:00000028 $d
C:\Users\strag\AppData\Local\Temp\ccogIXba.s:412    .text.ucDrv_Buf_GetBytes:00000000 $t
C:\Users\strag\AppData\Local\Temp\ccogIXba.s:417    .text.ucDrv_Buf_GetBytes:00000000 ucDrv_Buf_GetBytes
C:\Users\strag\AppData\Local\Temp\ccogIXba.s:480    .text.ucDrv_Buf_GetBytes:0000004c $d
C:\Users\strag\AppData\Local\Temp\ccogIXba.s:485    .text.ucDrv_Buf_PutBytes:00000000 $t
C:\Users\strag\AppData\Local\Temp\ccogIXba.s:490    .text.ucDrv_Buf_PutBytes:00000000 ucDrv_Buf_PutBytes
C:\Users\strag\AppData\Local\Temp\ccogIXba.s:555    .text.ucDrv_Buf_PutBytes:0000004c $d
C:\Users\strag\AppData\Local\Temp\ccogIXba.s:560    .text.Uart_DataPut:00000000 $t
C:\Users\strag\AppData\Local\Temp\ccogIXba.s:565    .text.Uart_DataPut:00000000 Uart_DataPut
C:\Users\strag\AppData\Local\Temp\ccogIXba.s:586    .text.Uart_DataPut:0000000c $d
C:\Users\strag\AppData\Local\Temp\ccogIXba.s:630    .bss.ucDrv_Buf_Uart3_Snd:00000000 ucDrv_Buf_Uart3_Snd
C:\Users\strag\AppData\Local\Temp\ccogIXba.s:606    .bss.ucDrv_Buf_Uart3_Rcv:00000000 ucDrv_Buf_Uart3_Rcv
C:\Users\strag\AppData\Local\Temp\ccogIXba.s:624    .bss.ucDrv_Buf_Uart2_Snd:00000000 ucDrv_Buf_Uart2_Snd
C:\Users\strag\AppData\Local\Temp\ccogIXba.s:600    .bss.ucDrv_Buf_Uart2_Rcv:00000000 ucDrv_Buf_Uart2_Rcv
C:\Users\strag\AppData\Local\Temp\ccogIXba.s:612    .bss.ucDrv_Buf_Uart1_Snd:00000000 ucDrv_Buf_Uart1_Snd
C:\Users\strag\AppData\Local\Temp\ccogIXba.s:618    .bss.ucDrv_Buf_Uart1_Rcv:00000000 ucDrv_Buf_Uart1_Rcv
C:\Users\strag\AppData\Local\Temp\ccogIXba.s:597    .bss.ucDrv_Buf_Uart2_Rcv:00000000 $d
C:\Users\strag\AppData\Local\Temp\ccogIXba.s:603    .bss.ucDrv_Buf_Uart3_Rcv:00000000 $d
C:\Users\strag\AppData\Local\Temp\ccogIXba.s:609    .bss.ucDrv_Buf_Uart1_Snd:00000000 $d
C:\Users\strag\AppData\Local\Temp\ccogIXba.s:615    .bss.ucDrv_Buf_Uart1_Rcv:00000000 $d
C:\Users\strag\AppData\Local\Temp\ccogIXba.s:621    .bss.ucDrv_Buf_Uart2_Snd:00000000 $d
C:\Users\strag\AppData\Local\Temp\ccogIXba.s:627    .bss.ucDrv_Buf_Uart3_Snd:00000000 $d
                     .debug_frame:00000010 $d

UNDEFINED SYMBOLS
NVIC_Init
RCC_APB2PeriphClockCmd
USART_OverSampling8Cmd
USART_Init
RCC_APB1PeriphClockCmd
USART_ITConfig
USART_Cmd
